[29-Dec-2011 09:55:01] PHP Warning:  Division by zero in /var/www/vhosts/jugendbuero.be/subdomains/app/httpdocs/aplan/admin/users_admin.php on line 53
[29-Dec-2011 09:55:01] PHP Warning:  mysqli::prepare(): All data must be fetched before a new statement prepare takes place in /var/www/vhosts/jugendbuero.be/subdomains/app/httpdocs/aplan/admin/users_admin.php on line 71
[29-Dec-2011 09:55:29] PHP Warning:  mysqli::prepare(): All data must be fetched before a new statement prepare takes place in /var/www/vhosts/jugendbuero.be/subdomains/app/httpdocs/aplan/admin/users_admin.php on line 71
[29-Dec-2011 09:59:57] PHP Notice:  Undefined variable: dbconn in /var/www/vhosts/jugendbuero.be/subdomains/app/httpdocs/aplan/admin/users_admin.php on line 20
[29-Dec-2011 09:59:57] PHP Fatal error:  Call to a member function prepare() on a non-object in /var/www/vhosts/jugendbuero.be/subdomains/app/httpdocs/aplan/admin/users_admin.php on line 20
[02-Jan-2012 16:17:08] PHP Warning:  mysqli_stmt::bind_param(): Number of variables doesn't match number of parameters in prepared statement in /var/www/vhosts/jugendbuero.be/subdomains/app/httpdocs/aplan/admin/watchlist.php on line 78
[02-Jan-2012 16:17:08] PHP Warning:  mysqli_stmt::bind_param(): Number of variables doesn't match number of parameters in prepared statement in /var/www/vhosts/jugendbuero.be/subdomains/app/httpdocs/aplan/admin/watchlist.php on line 78
[02-Jan-2012 16:17:08] PHP Warning:  mysqli_stmt::bind_param(): Number of variables doesn't match number of parameters in prepared statement in /var/www/vhosts/jugendbuero.be/subdomains/app/httpdocs/aplan/admin/watchlist.php on line 78
[02-Jan-2012 16:17:08] PHP Warning:  mysqli_stmt::bind_param(): Number of variables doesn't match number of parameters in prepared statement in /var/www/vhosts/jugendbuero.be/subdomains/app/httpdocs/aplan/admin/watchlist.php on line 78
[02-Jan-2012 16:17:08] PHP Warning:  mysqli_stmt::bind_param(): Number of variables doesn't match number of parameters in prepared statement in /var/www/vhosts/jugendbuero.be/subdomains/app/httpdocs/aplan/admin/watchlist.php on line 78
[02-Jan-2012 16:17:08] PHP Warning:  mysqli_stmt::bind_param(): Number of variables doesn't match number of parameters in prepared statement in /var/www/vhosts/jugendbuero.be/subdomains/app/httpdocs/aplan/admin/watchlist.php on line 78
[02-Jan-2012 16:17:08] PHP Warning:  mysqli_stmt::bind_param(): Number of variables doesn't match number of parameters in prepared statement in /var/www/vhosts/jugendbuero.be/subdomains/app/httpdocs/aplan/admin/watchlist.php on line 78
[02-Jan-2012 16:17:08] PHP Warning:  mysqli_stmt::bind_param(): Number of variables doesn't match number of parameters in prepared statement in /var/www/vhosts/jugendbuero.be/subdomains/app/httpdocs/aplan/admin/watchlist.php on line 78
[02-Jan-2012 16:17:08] PHP Warning:  mysqli_stmt::bind_param(): Number of variables doesn't match number of parameters in prepared statement in /var/www/vhosts/jugendbuero.be/subdomains/app/httpdocs/aplan/admin/watchlist.php on line 78
[02-Jan-2012 16:17:08] PHP Warning:  mysqli_stmt::bind_param(): Number of variables doesn't match number of parameters in prepared statement in /var/www/vhosts/jugendbuero.be/subdomains/app/httpdocs/aplan/admin/watchlist.php on line 78
[02-Jan-2012 16:17:08] PHP Warning:  mysqli_stmt::bind_param(): Number of variables doesn't match number of parameters in prepared statement in /var/www/vhosts/jugendbuero.be/subdomains/app/httpdocs/aplan/admin/watchlist.php on line 78
[02-Jan-2012 16:17:08] PHP Warning:  mysqli_stmt::bind_param(): Number of variables doesn't match number of parameters in prepared statement in /var/www/vhosts/jugendbuero.be/subdomains/app/httpdocs/aplan/admin/watchlist.php on line 78
[02-Jan-2012 16:17:08] PHP Warning:  mysqli_stmt::bind_param(): Number of variables doesn't match number of parameters in prepared statement in /var/www/vhosts/jugendbuero.be/subdomains/app/httpdocs/aplan/admin/watchlist.php on line 78
[02-Jan-2012 16:17:08] PHP Warning:  mysqli_stmt::bind_param(): Number of variables doesn't match number of parameters in prepared statement in /var/www/vhosts/jugendbuero.be/subdomains/app/httpdocs/aplan/admin/watchlist.php on line 78
[02-Jan-2012 16:17:08] PHP Warning:  mysqli_stmt::bind_param(): Number of variables doesn't match number of parameters in prepared statement in /var/www/vhosts/jugendbuero.be/subdomains/app/httpdocs/aplan/admin/watchlist.php on line 78
[02-Jan-2012 16:17:08] PHP Warning:  mysqli_stmt::bind_param(): Number of variables doesn't match number of parameters in prepared statement in /var/www/vhosts/jugendbuero.be/subdomains/app/httpdocs/aplan/admin/watchlist.php on line 78
[02-Jan-2012 16:17:08] PHP Warning:  mysqli_stmt::bind_param(): Number of variables doesn't match number of parameters in prepared statement in /var/www/vhosts/jugendbuero.be/subdomains/app/httpdocs/aplan/admin/watchlist.php on line 78
[02-Jan-2012 16:17:08] PHP Warning:  mysqli_stmt::bind_param(): Number of variables doesn't match number of parameters in prepared statement in /var/www/vhosts/jugendbuero.be/subdomains/app/httpdocs/aplan/admin/watchlist.php on line 78
[02-Jan-2012 16:17:08] PHP Warning:  mysqli_stmt::bind_param(): Number of variables doesn't match number of parameters in prepared statement in /var/www/vhosts/jugendbuero.be/subdomains/app/httpdocs/aplan/admin/watchlist.php on line 78
[02-Jan-2012 16:17:08] PHP Warning:  mysqli_stmt::bind_param(): Number of variables doesn't match number of parameters in prepared statement in /var/www/vhosts/jugendbuero.be/subdomains/app/httpdocs/aplan/admin/watchlist.php on line 78
[02-Jan-2012 16:17:08] PHP Warning:  mysqli_stmt::bind_param(): Number of variables doesn't match number of parameters in prepared statement in /var/www/vhosts/jugendbuero.be/subdomains/app/httpdocs/aplan/admin/watchlist.php on line 78
[02-Jan-2012 16:17:08] PHP Warning:  mysqli_stmt::bind_param(): Number of variables doesn't match number of parameters in prepared statement in /var/www/vhosts/jugendbuero.be/subdomains/app/httpdocs/aplan/admin/watchlist.php on line 78
[02-Jan-2012 16:17:08] PHP Warning:  mysqli_stmt::bind_param(): Number of variables doesn't match number of parameters in prepared statement in /var/www/vhosts/jugendbuero.be/subdomains/app/httpdocs/aplan/admin/watchlist.php on line 78
[02-Jan-2012 16:17:08] PHP Warning:  mysqli_stmt::bind_param(): Number of variables doesn't match number of parameters in prepared statement in /var/www/vhosts/jugendbuero.be/subdomains/app/httpdocs/aplan/admin/watchlist.php on line 78
[02-Jan-2012 16:17:08] PHP Warning:  mysqli_stmt::bind_param(): Number of variables doesn't match number of parameters in prepared statement in /var/www/vhosts/jugendbuero.be/subdomains/app/httpdocs/aplan/admin/watchlist.php on line 78
[02-Jan-2012 16:17:08] PHP Warning:  mysqli_stmt::bind_param(): Number of variables doesn't match number of parameters in prepared statement in /var/www/vhosts/jugendbuero.be/subdomains/app/httpdocs/aplan/admin/watchlist.php on line 78
[02-Jan-2012 16:17:08] PHP Warning:  mysqli_stmt::bind_param(): Number of variables doesn't match number of parameters in prepared statement in /var/www/vhosts/jugendbuero.be/subdomains/app/httpdocs/aplan/admin/watchlist.php on line 78
[02-Jan-2012 16:17:08] PHP Warning:  mysqli_stmt::bind_param(): Number of variables doesn't match number of parameters in prepared statement in /var/www/vhosts/jugendbuero.be/subdomains/app/httpdocs/aplan/admin/watchlist.php on line 78
[02-Jan-2012 16:17:08] PHP Warning:  mysqli_stmt::bind_param(): Number of variables doesn't match number of parameters in prepared statement in /var/www/vhosts/jugendbuero.be/subdomains/app/httpdocs/aplan/admin/watchlist.php on line 78
[02-Jan-2012 16:17:08] PHP Warning:  mysqli_stmt::bind_param(): Number of variables doesn't match number of parameters in prepared statement in /var/www/vhosts/jugendbuero.be/subdomains/app/httpdocs/aplan/admin/watchlist.php on line 78
[02-Jan-2012 16:17:08] PHP Warning:  mysqli_stmt::bind_param(): Number of variables doesn't match number of parameters in prepared statement in /var/www/vhosts/jugendbuero.be/subdomains/app/httpdocs/aplan/admin/watchlist.php on line 78
[02-Jan-2012 16:17:08] PHP Warning:  mysqli_stmt::bind_param(): Number of variables doesn't match number of parameters in prepared statement in /var/www/vhosts/jugendbuero.be/subdomains/app/httpdocs/aplan/admin/watchlist.php on line 78
[02-Jan-2012 16:17:08] PHP Warning:  mysqli_stmt::bind_param(): Number of variables doesn't match number of parameters in prepared statement in /var/www/vhosts/jugendbuero.be/subdomains/app/httpdocs/aplan/admin/watchlist.php on line 78
[02-Jan-2012 16:17:08] PHP Warning:  mysqli_stmt::bind_param(): Number of variables doesn't match number of parameters in prepared statement in /var/www/vhosts/jugendbuero.be/subdomains/app/httpdocs/aplan/admin/watchlist.php on line 78
[02-Jan-2012 16:17:08] PHP Warning:  mysqli_stmt::bind_param(): Number of variables doesn't match number of parameters in prepared statement in /var/www/vhosts/jugendbuero.be/subdomains/app/httpdocs/aplan/admin/watchlist.php on line 78
[02-Jan-2012 16:17:08] PHP Warning:  mysqli_stmt::bind_param(): Number of variables doesn't match number of parameters in prepared statement in /var/www/vhosts/jugendbuero.be/subdomains/app/httpdocs/aplan/admin/watchlist.php on line 78
[02-Jan-2012 16:17:08] PHP Warning:  mysqli_stmt::bind_param(): Number of variables doesn't match number of parameters in prepared statement in /var/www/vhosts/jugendbuero.be/subdomains/app/httpdocs/aplan/admin/watchlist.php on line 78
[02-Jan-2012 16:17:08] PHP Warning:  mysqli_stmt::bind_param(): Number of variables doesn't match number of parameters in prepared statement in /var/www/vhosts/jugendbuero.be/subdomains/app/httpdocs/aplan/admin/watchlist.php on line 78
[02-Jan-2012 16:17:08] PHP Warning:  mysqli_stmt::bind_param(): Number of variables doesn't match number of parameters in prepared statement in /var/www/vhosts/jugendbuero.be/subdomains/app/httpdocs/aplan/admin/watchlist.php on line 78
[02-Jan-2012 16:17:08] PHP Warning:  mysqli_stmt::bind_param(): Number of variables doesn't match number of parameters in prepared statement in /var/www/vhosts/jugendbuero.be/subdomains/app/httpdocs/aplan/admin/watchlist.php on line 78
[02-Jan-2012 16:17:08] PHP Warning:  mysqli_stmt::bind_param(): Number of variables doesn't match number of parameters in prepared statement in /var/www/vhosts/jugendbuero.be/subdomains/app/httpdocs/aplan/admin/watchlist.php on line 78
[02-Jan-2012 16:17:08] PHP Warning:  mysqli_stmt::bind_param(): Number of variables doesn't match number of parameters in prepared statement in /var/www/vhosts/jugendbuero.be/subdomains/app/httpdocs/aplan/admin/watchlist.php on line 78
[02-Jan-2012 16:17:08] PHP Warning:  mysqli_stmt::bind_param(): Number of variables doesn't match number of parameters in prepared statement in /var/www/vhosts/jugendbuero.be/subdomains/app/httpdocs/aplan/admin/watchlist.php on line 78
[02-Jan-2012 16:17:08] PHP Warning:  mysqli_stmt::bind_param(): Number of variables doesn't match number of parameters in prepared statement in /var/www/vhosts/jugendbuero.be/subdomains/app/httpdocs/aplan/admin/watchlist.php on line 78
[02-Jan-2012 16:17:08] PHP Warning:  mysqli_stmt::bind_param(): Number of variables doesn't match number of parameters in prepared statement in /var/www/vhosts/jugendbuero.be/subdomains/app/httpdocs/aplan/admin/watchlist.php on line 78
[02-Jan-2012 16:17:08] PHP Warning:  mysqli_stmt::bind_param(): Number of variables doesn't match number of parameters in prepared statement in /var/www/vhosts/jugendbuero.be/subdomains/app/httpdocs/aplan/admin/watchlist.php on line 78
[02-Jan-2012 16:17:08] PHP Warning:  mysqli_stmt::bind_param(): Number of variables doesn't match number of parameters in prepared statement in /var/www/vhosts/jugendbuero.be/subdomains/app/httpdocs/aplan/admin/watchlist.php on line 78
[02-Jan-2012 16:17:08] PHP Warning:  mysqli_stmt::bind_param(): Number of variables doesn't match number of parameters in prepared statement in /var/www/vhosts/jugendbuero.be/subdomains/app/httpdocs/aplan/admin/watchlist.php on line 78
[02-Jan-2012 16:17:08] PHP Warning:  mysqli_stmt::bind_param(): Number of variables doesn't match number of parameters in prepared statement in /var/www/vhosts/jugendbuero.be/subdomains/app/httpdocs/aplan/admin/watchlist.php on line 78
[02-Jan-2012 16:17:08] PHP Warning:  mysqli_stmt::bind_param(): Number of variables doesn't match number of parameters in prepared statement in /var/www/vhosts/jugendbuero.be/subdomains/app/httpdocs/aplan/admin/watchlist.php on line 78
[02-Jan-2012 16:17:08] PHP Warning:  mysqli_stmt::bind_param(): Number of variables doesn't match number of parameters in prepared statement in /var/www/vhosts/jugendbuero.be/subdomains/app/httpdocs/aplan/admin/watchlist.php on line 78
[02-Jan-2012 16:17:08] PHP Warning:  mysqli_stmt::bind_param(): Number of variables doesn't match number of parameters in prepared statement in /var/www/vhosts/jugendbuero.be/subdomains/app/httpdocs/aplan/admin/watchlist.php on line 78
[02-Jan-2012 16:17:08] PHP Warning:  mysqli_stmt::bind_param(): Number of variables doesn't match number of parameters in prepared statement in /var/www/vhosts/jugendbuero.be/subdomains/app/httpdocs/aplan/admin/watchlist.php on line 78
[02-Jan-2012 16:17:08] PHP Warning:  mysqli_stmt::bind_param(): Number of variables doesn't match number of parameters in prepared statement in /var/www/vhosts/jugendbuero.be/subdomains/app/httpdocs/aplan/admin/watchlist.php on line 78
[02-Jan-2012 16:17:08] PHP Warning:  mysqli_stmt::bind_param(): Number of variables doesn't match number of parameters in prepared statement in /var/www/vhosts/jugendbuero.be/subdomains/app/httpdocs/aplan/admin/watchlist.php on line 78
[02-Jan-2012 16:17:08] PHP Warning:  mysqli_stmt::bind_param(): Number of variables doesn't match number of parameters in prepared statement in /var/www/vhosts/jugendbuero.be/subdomains/app/httpdocs/aplan/admin/watchlist.php on line 78
[02-Jan-2012 16:17:08] PHP Warning:  mysqli_stmt::bind_param(): Number of variables doesn't match number of parameters in prepared statement in /var/www/vhosts/jugendbuero.be/subdomains/app/httpdocs/aplan/admin/watchlist.php on line 78
[02-Jan-2012 16:17:08] PHP Warning:  mysqli_stmt::bind_param(): Number of variables doesn't match number of parameters in prepared statement in /var/www/vhosts/jugendbuero.be/subdomains/app/httpdocs/aplan/admin/watchlist.php on line 78
[02-Jan-2012 16:17:08] PHP Warning:  mysqli_stmt::bind_param(): Number of variables doesn't match number of parameters in prepared statement in /var/www/vhosts/jugendbuero.be/subdomains/app/httpdocs/aplan/admin/watchlist.php on line 78
[02-Jan-2012 16:17:08] PHP Warning:  mysqli_stmt::bind_param(): Number of variables doesn't match number of parameters in prepared statement in /var/www/vhosts/jugendbuero.be/subdomains/app/httpdocs/aplan/admin/watchlist.php on line 78
[02-Jan-2012 16:17:08] PHP Warning:  mysqli_stmt::bind_param(): Number of variables doesn't match number of parameters in prepared statement in /var/www/vhosts/jugendbuero.be/subdomains/app/httpdocs/aplan/admin/watchlist.php on line 78
[02-Jan-2012 16:17:08] PHP Warning:  mysqli_stmt::bind_param(): Number of variables doesn't match number of parameters in prepared statement in /var/www/vhosts/jugendbuero.be/subdomains/app/httpdocs/aplan/admin/watchlist.php on line 78
[02-Jan-2012 16:17:08] PHP Warning:  mysqli_stmt::bind_param(): Number of variables doesn't match number of parameters in prepared statement in /var/www/vhosts/jugendbuero.be/subdomains/app/httpdocs/aplan/admin/watchlist.php on line 78
[02-Jan-2012 16:17:08] PHP Warning:  mysqli_stmt::bind_param(): Number of variables doesn't match number of parameters in prepared statement in /var/www/vhosts/jugendbuero.be/subdomains/app/httpdocs/aplan/admin/watchlist.php on line 78
[02-Jan-2012 16:17:08] PHP Warning:  mysqli_stmt::bind_param(): Number of variables doesn't match number of parameters in prepared statement in /var/www/vhosts/jugendbuero.be/subdomains/app/httpdocs/aplan/admin/watchlist.php on line 78
[02-Jan-2012 16:17:08] PHP Warning:  mysqli_stmt::bind_param(): Number of variables doesn't match number of parameters in prepared statement in /var/www/vhosts/jugendbuero.be/subdomains/app/httpdocs/aplan/admin/watchlist.php on line 78
[02-Jan-2012 16:17:08] PHP Warning:  mysqli_stmt::bind_param(): Number of variables doesn't match number of parameters in prepared statement in /var/www/vhosts/jugendbuero.be/subdomains/app/httpdocs/aplan/admin/watchlist.php on line 78
[02-Jan-2012 16:17:08] PHP Warning:  mysqli_stmt::bind_param(): Number of variables doesn't match number of parameters in prepared statement in /var/www/vhosts/jugendbuero.be/subdomains/app/httpdocs/aplan/admin/watchlist.php on line 78
[02-Jan-2012 16:17:08] PHP Warning:  mysqli_stmt::bind_param(): Number of variables doesn't match number of parameters in prepared statement in /var/www/vhosts/jugendbuero.be/subdomains/app/httpdocs/aplan/admin/watchlist.php on line 78
[02-Jan-2012 16:17:08] PHP Warning:  mysqli_stmt::bind_param(): Number of variables doesn't match number of parameters in prepared statement in /var/www/vhosts/jugendbuero.be/subdomains/app/httpdocs/aplan/admin/watchlist.php on line 78
[02-Jan-2012 16:17:08] PHP Warning:  mysqli_stmt::bind_param(): Number of variables doesn't match number of parameters in prepared statement in /var/www/vhosts/jugendbuero.be/subdomains/app/httpdocs/aplan/admin/watchlist.php on line 78
[02-Jan-2012 16:17:08] PHP Warning:  mysqli_stmt::bind_param(): Number of variables doesn't match number of parameters in prepared statement in /var/www/vhosts/jugendbuero.be/subdomains/app/httpdocs/aplan/admin/watchlist.php on line 78
[02-Jan-2012 16:17:08] PHP Warning:  mysqli_stmt::bind_param(): Number of variables doesn't match number of parameters in prepared statement in /var/www/vhosts/jugendbuero.be/subdomains/app/httpdocs/aplan/admin/watchlist.php on line 78
[02-Jan-2012 16:17:08] PHP Warning:  mysqli_stmt::bind_param(): Number of variables doesn't match number of parameters in prepared statement in /var/www/vhosts/jugendbuero.be/subdomains/app/httpdocs/aplan/admin/watchlist.php on line 78
[02-Jan-2012 16:17:08] PHP Warning:  mysqli_stmt::bind_param(): Number of variables doesn't match number of parameters in prepared statement in /var/www/vhosts/jugendbuero.be/subdomains/app/httpdocs/aplan/admin/watchlist.php on line 78
[02-Jan-2012 16:17:08] PHP Warning:  mysqli_stmt::bind_param(): Number of variables doesn't match number of parameters in prepared statement in /var/www/vhosts/jugendbuero.be/subdomains/app/httpdocs/aplan/admin/watchlist.php on line 78
[02-Jan-2012 16:17:08] PHP Warning:  mysqli_stmt::bind_param(): Number of variables doesn't match number of parameters in prepared statement in /var/www/vhosts/jugendbuero.be/subdomains/app/httpdocs/aplan/admin/watchlist.php on line 78
[02-Jan-2012 16:17:08] PHP Warning:  mysqli_stmt::bind_param(): Number of variables doesn't match number of parameters in prepared statement in /var/www/vhosts/jugendbuero.be/subdomains/app/httpdocs/aplan/admin/watchlist.php on line 78
[02-Jan-2012 16:17:08] PHP Warning:  mysqli_stmt::bind_param(): Number of variables doesn't match number of parameters in prepared statement in /var/www/vhosts/jugendbuero.be/subdomains/app/httpdocs/aplan/admin/watchlist.php on line 78
[02-Jan-2012 16:17:08] PHP Warning:  mysqli_stmt::bind_param(): Number of variables doesn't match number of parameters in prepared statement in /var/www/vhosts/jugendbuero.be/subdomains/app/httpdocs/aplan/admin/watchlist.php on line 78
[02-Jan-2012 16:17:08] PHP Warning:  mysqli_stmt::bind_param(): Number of variables doesn't match number of parameters in prepared statement in /var/www/vhosts/jugendbuero.be/subdomains/app/httpdocs/aplan/admin/watchlist.php on line 78
[02-Jan-2012 16:17:08] PHP Warning:  mysqli_stmt::bind_param(): Number of variables doesn't match number of parameters in prepared statement in /var/www/vhosts/jugendbuero.be/subdomains/app/httpdocs/aplan/admin/watchlist.php on line 78
[02-Jan-2012 16:17:08] PHP Warning:  mysqli_stmt::bind_param(): Number of variables doesn't match number of parameters in prepared statement in /var/www/vhosts/jugendbuero.be/subdomains/app/httpdocs/aplan/admin/watchlist.php on line 78
[02-Jan-2012 16:17:08] PHP Warning:  mysqli_stmt::bind_param(): Number of variables doesn't match number of parameters in prepared statement in /var/www/vhosts/jugendbuero.be/subdomains/app/httpdocs/aplan/admin/watchlist.php on line 78
[02-Jan-2012 16:17:08] PHP Warning:  mysqli_stmt::bind_param(): Number of variables doesn't match number of parameters in prepared statement in /var/www/vhosts/jugendbuero.be/subdomains/app/httpdocs/aplan/admin/watchlist.php on line 78
[02-Jan-2012 16:17:08] PHP Warning:  mysqli_stmt::bind_param(): Number of variables doesn't match number of parameters in prepared statement in /var/www/vhosts/jugendbuero.be/subdomains/app/httpdocs/aplan/admin/watchlist.php on line 78
[02-Jan-2012 16:17:08] PHP Warning:  mysqli_stmt::bind_param(): Number of variables doesn't match number of parameters in prepared statement in /var/www/vhosts/jugendbuero.be/subdomains/app/httpdocs/aplan/admin/watchlist.php on line 78
[02-Jan-2012 16:17:08] PHP Warning:  mysqli_stmt::bind_param(): Number of variables doesn't match number of parameters in prepared statement in /var/www/vhosts/jugendbuero.be/subdomains/app/httpdocs/aplan/admin/watchlist.php on line 78
[02-Jan-2012 16:17:08] PHP Warning:  mysqli_stmt::bind_param(): Number of variables doesn't match number of parameters in prepared statement in /var/www/vhosts/jugendbuero.be/subdomains/app/httpdocs/aplan/admin/watchlist.php on line 78
[02-Jan-2012 16:17:08] PHP Warning:  mysqli_stmt::bind_param(): Number of variables doesn't match number of parameters in prepared statement in /var/www/vhosts/jugendbuero.be/subdomains/app/httpdocs/aplan/admin/watchlist.php on line 78
[02-Jan-2012 16:17:08] PHP Warning:  mysqli_stmt::bind_param(): Number of variables doesn't match number of parameters in prepared statement in /var/www/vhosts/jugendbuero.be/subdomains/app/httpdocs/aplan/admin/watchlist.php on line 78
[02-Jan-2012 16:17:08] PHP Warning:  mysqli_stmt::bind_param(): Number of variables doesn't match number of parameters in prepared statement in /var/www/vhosts/jugendbuero.be/subdomains/app/httpdocs/aplan/admin/watchlist.php on line 78
[02-Jan-2012 16:17:08] PHP Warning:  mysqli_stmt::bind_param(): Number of variables doesn't match number of parameters in prepared statement in /var/www/vhosts/jugendbuero.be/subdomains/app/httpdocs/aplan/admin/watchlist.php on line 78
[02-Jan-2012 16:17:08] PHP Warning:  mysqli_stmt::bind_param(): Number of variables doesn't match number of parameters in prepared statement in /var/www/vhosts/jugendbuero.be/subdomains/app/httpdocs/aplan/admin/watchlist.php on line 78
[02-Jan-2012 16:17:08] PHP Warning:  mysqli_stmt::bind_param(): Number of variables doesn't match number of parameters in prepared statement in /var/www/vhosts/jugendbuero.be/subdomains/app/httpdocs/aplan/admin/watchlist.php on line 78
[02-Jan-2012 16:17:08] PHP Warning:  mysqli_stmt::bind_param(): Number of variables doesn't match number of parameters in prepared statement in /var/www/vhosts/jugendbuero.be/subdomains/app/httpdocs/aplan/admin/watchlist.php on line 78
[02-Jan-2012 16:17:08] PHP Warning:  mysqli_stmt::bind_param(): Number of variables doesn't match number of parameters in prepared statement in /var/www/vhosts/jugendbuero.be/subdomains/app/httpdocs/aplan/admin/watchlist.php on line 78
[02-Jan-2012 16:17:08] PHP Warning:  mysqli_stmt::bind_param(): Number of variables doesn't match number of parameters in prepared statement in /var/www/vhosts/jugendbuero.be/subdomains/app/httpdocs/aplan/admin/watchlist.php on line 78
[02-Jan-2012 16:17:08] PHP Warning:  mysqli_stmt::bind_param(): Number of variables doesn't match number of parameters in prepared statement in /var/www/vhosts/jugendbuero.be/subdomains/app/httpdocs/aplan/admin/watchlist.php on line 78
[02-Jan-2012 16:17:08] PHP Warning:  mysqli_stmt::bind_param(): Number of variables doesn't match number of parameters in prepared statement in /var/www/vhosts/jugendbuero.be/subdomains/app/httpdocs/aplan/admin/watchlist.php on line 78
[02-Jan-2012 16:17:08] PHP Warning:  mysqli_stmt::bind_param(): Number of variables doesn't match number of parameters in prepared statement in /var/www/vhosts/jugendbuero.be/subdomains/app/httpdocs/aplan/admin/watchlist.php on line 78
[02-Jan-2012 16:17:08] PHP Warning:  mysqli_stmt::bind_param(): Number of variables doesn't match number of parameters in prepared statement in /var/www/vhosts/jugendbuero.be/subdomains/app/httpdocs/aplan/admin/watchlist.php on line 78
[02-Jan-2012 16:17:08] PHP Warning:  mysqli_stmt::bind_param(): Number of variables doesn't match number of parameters in prepared statement in /var/www/vhosts/jugendbuero.be/subdomains/app/httpdocs/aplan/admin/watchlist.php on line 78
[02-Jan-2012 16:17:08] PHP Warning:  mysqli_stmt::bind_param(): Number of variables doesn't match number of parameters in prepared statement in /var/www/vhosts/jugendbuero.be/subdomains/app/httpdocs/aplan/admin/watchlist.php on line 78
[02-Jan-2012 16:17:08] PHP Warning:  mysqli_stmt::bind_param(): Number of variables doesn't match number of parameters in prepared statement in /var/www/vhosts/jugendbuero.be/subdomains/app/httpdocs/aplan/admin/watchlist.php on line 78
[02-Jan-2012 16:17:08] PHP Warning:  mysqli_stmt::bind_param(): Number of variables doesn't match number of parameters in prepared statement in /var/www/vhosts/jugendbuero.be/subdomains/app/httpdocs/aplan/admin/watchlist.php on line 78
[02-Jan-2012 16:17:08] PHP Warning:  mysqli_stmt::bind_param(): Number of variables doesn't match number of parameters in prepared statement in /var/www/vhosts/jugendbuero.be/subdomains/app/httpdocs/aplan/admin/watchlist.php on line 78
[02-Jan-2012 16:17:08] PHP Warning:  mysqli_stmt::bind_param(): Number of variables doesn't match number of parameters in prepared statement in /var/www/vhosts/jugendbuero.be/subdomains/app/httpdocs/aplan/admin/watchlist.php on line 78
[02-Jan-2012 16:17:08] PHP Warning:  mysqli_stmt::bind_param(): Number of variables doesn't match number of parameters in prepared statement in /var/www/vhosts/jugendbuero.be/subdomains/app/httpdocs/aplan/admin/watchlist.php on line 78
[02-Jan-2012 16:17:08] PHP Warning:  mysqli_stmt::bind_param(): Number of variables doesn't match number of parameters in prepared statement in /var/www/vhosts/jugendbuero.be/subdomains/app/httpdocs/aplan/admin/watchlist.php on line 78
[02-Jan-2012 16:17:08] PHP Warning:  mysqli_stmt::bind_param(): Number of variables doesn't match number of parameters in prepared statement in /var/www/vhosts/jugendbuero.be/subdomains/app/httpdocs/aplan/admin/watchlist.php on line 78
[02-Jan-2012 16:17:08] PHP Warning:  mysqli_stmt::bind_param(): Number of variables doesn't match number of parameters in prepared statement in /var/www/vhosts/jugendbuero.be/subdomains/app/httpdocs/aplan/admin/watchlist.php on line 78
[02-Jan-2012 16:17:08] PHP Warning:  mysqli_stmt::bind_param(): Number of variables doesn't match number of parameters in prepared statement in /var/www/vhosts/jugendbuero.be/subdomains/app/httpdocs/aplan/admin/watchlist.php on line 78
[02-Jan-2012 16:17:08] PHP Warning:  mysqli_stmt::bind_param(): Number of variables doesn't match number of parameters in prepared statement in /var/www/vhosts/jugendbuero.be/subdomains/app/httpdocs/aplan/admin/watchlist.php on line 78
[02-Jan-2012 16:17:08] PHP Warning:  mysqli_stmt::bind_param(): Number of variables doesn't match number of parameters in prepared statement in /var/www/vhosts/jugendbuero.be/subdomains/app/httpdocs/aplan/admin/watchlist.php on line 78
[02-Jan-2012 16:17:08] PHP Warning:  mysqli_stmt::bind_param(): Number of variables doesn't match number of parameters in prepared statement in /var/www/vhosts/jugendbuero.be/subdomains/app/httpdocs/aplan/admin/watchlist.php on line 78
[02-Jan-2012 16:17:08] PHP Warning:  mysqli_stmt::bind_param(): Number of variables doesn't match number of parameters in prepared statement in /var/www/vhosts/jugendbuero.be/subdomains/app/httpdocs/aplan/admin/watchlist.php on line 78
[02-Jan-2012 16:17:08] PHP Warning:  mysqli_stmt::bind_param(): Number of variables doesn't match number of parameters in prepared statement in /var/www/vhosts/jugendbuero.be/subdomains/app/httpdocs/aplan/admin/watchlist.php on line 78
[02-Jan-2012 16:17:08] PHP Warning:  mysqli_stmt::bind_param(): Number of variables doesn't match number of parameters in prepared statement in /var/www/vhosts/jugendbuero.be/subdomains/app/httpdocs/aplan/admin/watchlist.php on line 78
[02-Jan-2012 16:17:08] PHP Warning:  mysqli_stmt::bind_param(): Number of variables doesn't match number of parameters in prepared statement in /var/www/vhosts/jugendbuero.be/subdomains/app/httpdocs/aplan/admin/watchlist.php on line 78
[02-Jan-2012 16:17:08] PHP Warning:  mysqli_stmt::bind_param(): Number of variables doesn't match number of parameters in prepared statement in /var/www/vhosts/jugendbuero.be/subdomains/app/httpdocs/aplan/admin/watchlist.php on line 78
[02-Jan-2012 16:17:08] PHP Warning:  mysqli_stmt::bind_param(): Number of variables doesn't match number of parameters in prepared statement in /var/www/vhosts/jugendbuero.be/subdomains/app/httpdocs/aplan/admin/watchlist.php on line 78
[02-Jan-2012 16:17:08] PHP Warning:  mysqli_stmt::bind_param(): Number of variables doesn't match number of parameters in prepared statement in /var/www/vhosts/jugendbuero.be/subdomains/app/httpdocs/aplan/admin/watchlist.php on line 78
[02-Jan-2012 16:17:08] PHP Warning:  mysqli_stmt::bind_param(): Number of variables doesn't match number of parameters in prepared statement in /var/www/vhosts/jugendbuero.be/subdomains/app/httpdocs/aplan/admin/watchlist.php on line 78
[02-Jan-2012 16:17:08] PHP Warning:  mysqli_stmt::bind_param(): Number of variables doesn't match number of parameters in prepared statement in /var/www/vhosts/jugendbuero.be/subdomains/app/httpdocs/aplan/admin/watchlist.php on line 78
[02-Jan-2012 16:17:08] PHP Warning:  mysqli_stmt::bind_param(): Number of variables doesn't match number of parameters in prepared statement in /var/www/vhosts/jugendbuero.be/subdomains/app/httpdocs/aplan/admin/watchlist.php on line 78
[02-Jan-2012 16:17:08] PHP Warning:  mysqli_stmt::bind_param(): Number of variables doesn't match number of parameters in prepared statement in /var/www/vhosts/jugendbuero.be/subdomains/app/httpdocs/aplan/admin/watchlist.php on line 78
[02-Jan-2012 16:17:08] PHP Warning:  mysqli_stmt::bind_param(): Number of variables doesn't match number of parameters in prepared statement in /var/www/vhosts/jugendbuero.be/subdomains/app/httpdocs/aplan/admin/watchlist.php on line 78
[02-Jan-2012 16:17:08] PHP Warning:  mysqli_stmt::bind_param(): Number of variables doesn't match number of parameters in prepared statement in /var/www/vhosts/jugendbuero.be/subdomains/app/httpdocs/aplan/admin/watchlist.php on line 78
[02-Jan-2012 16:17:08] PHP Warning:  mysqli_stmt::bind_param(): Number of variables doesn't match number of parameters in prepared statement in /var/www/vhosts/jugendbuero.be/subdomains/app/httpdocs/aplan/admin/watchlist.php on line 78
[02-Jan-2012 16:17:08] PHP Warning:  mysqli_stmt::bind_param(): Number of variables doesn't match number of parameters in prepared statement in /var/www/vhosts/jugendbuero.be/subdomains/app/httpdocs/aplan/admin/watchlist.php on line 78
[02-Jan-2012 16:17:08] PHP Warning:  mysqli_stmt::bind_param(): Number of variables doesn't match number of parameters in prepared statement in /var/www/vhosts/jugendbuero.be/subdomains/app/httpdocs/aplan/admin/watchlist.php on line 78
[02-Jan-2012 16:17:08] PHP Warning:  mysqli_stmt::bind_param(): Number of variables doesn't match number of parameters in prepared statement in /var/www/vhosts/jugendbuero.be/subdomains/app/httpdocs/aplan/admin/watchlist.php on line 78
[02-Jan-2012 16:17:08] PHP Warning:  mysqli_stmt::bind_param(): Number of variables doesn't match number of parameters in prepared statement in /var/www/vhosts/jugendbuero.be/subdomains/app/httpdocs/aplan/admin/watchlist.php on line 78
[02-Jan-2012 16:17:08] PHP Warning:  mysqli_stmt::bind_param(): Number of variables doesn't match number of parameters in prepared statement in /var/www/vhosts/jugendbuero.be/subdomains/app/httpdocs/aplan/admin/watchlist.php on line 78
[02-Jan-2012 16:17:08] PHP Warning:  mysqli_stmt::bind_param(): Number of variables doesn't match number of parameters in prepared statement in /var/www/vhosts/jugendbuero.be/subdomains/app/httpdocs/aplan/admin/watchlist.php on line 78
[02-Jan-2012 16:17:08] PHP Warning:  mysqli_stmt::bind_param(): Number of variables doesn't match number of parameters in prepared statement in /var/www/vhosts/jugendbuero.be/subdomains/app/httpdocs/aplan/admin/watchlist.php on line 78
[02-Jan-2012 16:17:08] PHP Warning:  mysqli_stmt::bind_param(): Number of variables doesn't match number of parameters in prepared statement in /var/www/vhosts/jugendbuero.be/subdomains/app/httpdocs/aplan/admin/watchlist.php on line 78
[02-Jan-2012 16:17:08] PHP Warning:  mysqli_stmt::bind_param(): Number of variables doesn't match number of parameters in prepared statement in /var/www/vhosts/jugendbuero.be/subdomains/app/httpdocs/aplan/admin/watchlist.php on line 78
[02-Jan-2012 16:17:08] PHP Warning:  mysqli_stmt::bind_param(): Number of variables doesn't match number of parameters in prepared statement in /var/www/vhosts/jugendbuero.be/subdomains/app/httpdocs/aplan/admin/watchlist.php on line 78
[02-Jan-2012 16:17:08] PHP Warning:  mysqli_stmt::bind_param(): Number of variables doesn't match number of parameters in prepared statement in /var/www/vhosts/jugendbuero.be/subdomains/app/httpdocs/aplan/admin/watchlist.php on line 78
[02-Jan-2012 16:17:08] PHP Warning:  mysqli_stmt::bind_param(): Number of variables doesn't match number of parameters in prepared statement in /var/www/vhosts/jugendbuero.be/subdomains/app/httpdocs/aplan/admin/watchlist.php on line 78
[02-Jan-2012 16:17:08] PHP Warning:  mysqli_stmt::bind_param(): Number of variables doesn't match number of parameters in prepared statement in /var/www/vhosts/jugendbuero.be/subdomains/app/httpdocs/aplan/admin/watchlist.php on line 78
[02-Jan-2012 16:17:08] PHP Warning:  mysqli_stmt::bind_param(): Number of variables doesn't match number of parameters in prepared statement in /var/www/vhosts/jugendbuero.be/subdomains/app/httpdocs/aplan/admin/watchlist.php on line 78
[02-Jan-2012 16:17:08] PHP Warning:  mysqli_stmt::bind_param(): Number of variables doesn't match number of parameters in prepared statement in /var/www/vhosts/jugendbuero.be/subdomains/app/httpdocs/aplan/admin/watchlist.php on line 78
[02-Jan-2012 16:17:08] PHP Warning:  mysqli_stmt::bind_param(): Number of variables doesn't match number of parameters in prepared statement in /var/www/vhosts/jugendbuero.be/subdomains/app/httpdocs/aplan/admin/watchlist.php on line 78
[02-Jan-2012 16:17:08] PHP Warning:  mysqli_stmt::bind_param(): Number of variables doesn't match number of parameters in prepared statement in /var/www/vhosts/jugendbuero.be/subdomains/app/httpdocs/aplan/admin/watchlist.php on line 78
[02-Jan-2012 16:17:08] PHP Warning:  mysqli_stmt::bind_param(): Number of variables doesn't match number of parameters in prepared statement in /var/www/vhosts/jugendbuero.be/subdomains/app/httpdocs/aplan/admin/watchlist.php on line 78
[02-Jan-2012 16:17:08] PHP Warning:  mysqli_stmt::bind_param(): Number of variables doesn't match number of parameters in prepared statement in /var/www/vhosts/jugendbuero.be/subdomains/app/httpdocs/aplan/admin/watchlist.php on line 78
[02-Jan-2012 16:17:08] PHP Warning:  mysqli_stmt::bind_param(): Number of variables doesn't match number of parameters in prepared statement in /var/www/vhosts/jugendbuero.be/subdomains/app/httpdocs/aplan/admin/watchlist.php on line 78
[02-Jan-2012 16:17:08] PHP Warning:  mysqli_stmt::bind_param(): Number of variables doesn't match number of parameters in prepared statement in /var/www/vhosts/jugendbuero.be/subdomains/app/httpdocs/aplan/admin/watchlist.php on line 78
[02-Jan-2012 16:17:08] PHP Warning:  mysqli_stmt::bind_param(): Number of variables doesn't match number of parameters in prepared statement in /var/www/vhosts/jugendbuero.be/subdomains/app/httpdocs/aplan/admin/watchlist.php on line 78
[02-Jan-2012 16:17:08] PHP Warning:  mysqli_stmt::bind_param(): Number of variables doesn't match number of parameters in prepared statement in /var/www/vhosts/jugendbuero.be/subdomains/app/httpdocs/aplan/admin/watchlist.php on line 78
[02-Jan-2012 16:17:08] PHP Warning:  mysqli_stmt::bind_param(): Number of variables doesn't match number of parameters in prepared statement in /var/www/vhosts/jugendbuero.be/subdomains/app/httpdocs/aplan/admin/watchlist.php on line 78
[02-Jan-2012 16:17:08] PHP Warning:  mysqli_stmt::bind_param(): Number of variables doesn't match number of parameters in prepared statement in /var/www/vhosts/jugendbuero.be/subdomains/app/httpdocs/aplan/admin/watchlist.php on line 78
[02-Jan-2012 16:17:08] PHP Warning:  mysqli_stmt::bind_param(): Number of variables doesn't match number of parameters in prepared statement in /var/www/vhosts/jugendbuero.be/subdomains/app/httpdocs/aplan/admin/watchlist.php on line 78
[02-Jan-2012 16:17:08] PHP Warning:  mysqli_stmt::bind_param(): Number of variables doesn't match number of parameters in prepared statement in /var/www/vhosts/jugendbuero.be/subdomains/app/httpdocs/aplan/admin/watchlist.php on line 78
[02-Jan-2012 16:17:08] PHP Warning:  mysqli_stmt::bind_param(): Number of variables doesn't match number of parameters in prepared statement in /var/www/vhosts/jugendbuero.be/subdomains/app/httpdocs/aplan/admin/watchlist.php on line 78
[02-Jan-2012 16:17:08] PHP Warning:  mysqli_stmt::bind_param(): Number of variables doesn't match number of parameters in prepared statement in /var/www/vhosts/jugendbuero.be/subdomains/app/httpdocs/aplan/admin/watchlist.php on line 78
[02-Jan-2012 16:17:08] PHP Warning:  mysqli_stmt::bind_param(): Number of variables doesn't match number of parameters in prepared statement in /var/www/vhosts/jugendbuero.be/subdomains/app/httpdocs/aplan/admin/watchlist.php on line 78
[02-Jan-2012 16:17:08] PHP Warning:  mysqli_stmt::bind_param(): Number of variables doesn't match number of parameters in prepared statement in /var/www/vhosts/jugendbuero.be/subdomains/app/httpdocs/aplan/admin/watchlist.php on line 78
[02-Jan-2012 16:17:08] PHP Warning:  mysqli_stmt::bind_param(): Number of variables doesn't match number of parameters in prepared statement in /var/www/vhosts/jugendbuero.be/subdomains/app/httpdocs/aplan/admin/watchlist.php on line 78
[02-Jan-2012 16:17:08] PHP Warning:  mysqli_stmt::bind_param(): Number of variables doesn't match number of parameters in prepared statement in /var/www/vhosts/jugendbuero.be/subdomains/app/httpdocs/aplan/admin/watchlist.php on line 78
[02-Jan-2012 16:17:08] PHP Warning:  mysqli_stmt::bind_param(): Number of variables doesn't match number of parameters in prepared statement in /var/www/vhosts/jugendbuero.be/subdomains/app/httpdocs/aplan/admin/watchlist.php on line 78
[02-Jan-2012 16:17:08] PHP Warning:  mysqli_stmt::bind_param(): Number of variables doesn't match number of parameters in prepared statement in /var/www/vhosts/jugendbuero.be/subdomains/app/httpdocs/aplan/admin/watchlist.php on line 78
[02-Jan-2012 16:17:08] PHP Warning:  mysqli_stmt::bind_param(): Number of variables doesn't match number of parameters in prepared statement in /var/www/vhosts/jugendbuero.be/subdomains/app/httpdocs/aplan/admin/watchlist.php on line 78
[02-Jan-2012 16:17:08] PHP Warning:  mysqli_stmt::bind_param(): Number of variables doesn't match number of parameters in prepared statement in /var/www/vhosts/jugendbuero.be/subdomains/app/httpdocs/aplan/admin/watchlist.php on line 78
[02-Jan-2012 16:17:08] PHP Warning:  mysqli_stmt::bind_param(): Number of variables doesn't match number of parameters in prepared statement in /var/www/vhosts/jugendbuero.be/subdomains/app/httpdocs/aplan/admin/watchlist.php on line 78
[02-Jan-2012 16:17:08] PHP Warning:  mysqli_stmt::bind_param(): Number of variables doesn't match number of parameters in prepared statement in /var/www/vhosts/jugendbuero.be/subdomains/app/httpdocs/aplan/admin/watchlist.php on line 78
[02-Jan-2012 16:17:08] PHP Warning:  mysqli_stmt::bind_param(): Number of variables doesn't match number of parameters in prepared statement in /var/www/vhosts/jugendbuero.be/subdomains/app/httpdocs/aplan/admin/watchlist.php on line 78
[02-Jan-2012 16:17:08] PHP Warning:  mysqli_stmt::bind_param(): Number of variables doesn't match number of parameters in prepared statement in /var/www/vhosts/jugendbuero.be/subdomains/app/httpdocs/aplan/admin/watchlist.php on line 78
[02-Jan-2012 16:17:08] PHP Warning:  mysqli_stmt::bind_param(): Number of variables doesn't match number of parameters in prepared statement in /var/www/vhosts/jugendbuero.be/subdomains/app/httpdocs/aplan/admin/watchlist.php on line 78
[02-Jan-2012 16:17:08] PHP Warning:  mysqli_stmt::bind_param(): Number of variables doesn't match number of parameters in prepared statement in /var/www/vhosts/jugendbuero.be/subdomains/app/httpdocs/aplan/admin/watchlist.php on line 78
[02-Jan-2012 16:17:08] PHP Warning:  mysqli_stmt::bind_param(): Number of variables doesn't match number of parameters in prepared statement in /var/www/vhosts/jugendbuero.be/subdomains/app/httpdocs/aplan/admin/watchlist.php on line 78
[02-Jan-2012 16:17:08] PHP Warning:  mysqli_stmt::bind_param(): Number of variables doesn't match number of parameters in prepared statement in /var/www/vhosts/jugendbuero.be/subdomains/app/httpdocs/aplan/admin/watchlist.php on line 78
[02-Jan-2012 16:17:08] PHP Warning:  mysqli_stmt::bind_param(): Number of variables doesn't match number of parameters in prepared statement in /var/www/vhosts/jugendbuero.be/subdomains/app/httpdocs/aplan/admin/watchlist.php on line 78
[02-Jan-2012 16:17:08] PHP Warning:  mysqli_stmt::bind_param(): Number of variables doesn't match number of parameters in prepared statement in /var/www/vhosts/jugendbuero.be/subdomains/app/httpdocs/aplan/admin/watchlist.php on line 78
[02-Jan-2012 16:17:08] PHP Warning:  mysqli_stmt::bind_param(): Number of variables doesn't match number of parameters in prepared statement in /var/www/vhosts/jugendbuero.be/subdomains/app/httpdocs/aplan/admin/watchlist.php on line 78
[02-Jan-2012 16:17:09] PHP Warning:  mysqli_stmt::bind_param(): Number of variables doesn't match number of parameters in prepared statement in /var/www/vhosts/jugendbuero.be/subdomains/app/httpdocs/aplan/admin/watchlist.php on line 78
[02-Jan-2012 16:17:09] PHP Warning:  mysqli_stmt::bind_param(): Number of variables doesn't match number of parameters in prepared statement in /var/www/vhosts/jugendbuero.be/subdomains/app/httpdocs/aplan/admin/watchlist.php on line 78
[02-Jan-2012 16:17:09] PHP Warning:  mysqli_stmt::bind_param(): Number of variables doesn't match number of parameters in prepared statement in /var/www/vhosts/jugendbuero.be/subdomains/app/httpdocs/aplan/admin/watchlist.php on line 78
[02-Jan-2012 16:17:09] PHP Warning:  mysqli_stmt::bind_param(): Number of variables doesn't match number of parameters in prepared statement in /var/www/vhosts/jugendbuero.be/subdomains/app/httpdocs/aplan/admin/watchlist.php on line 78
[02-Jan-2012 16:17:09] PHP Warning:  mysqli_stmt::bind_param(): Number of variables doesn't match number of parameters in prepared statement in /var/www/vhosts/jugendbuero.be/subdomains/app/httpdocs/aplan/admin/watchlist.php on line 78
[02-Jan-2012 16:17:09] PHP Warning:  mysqli_stmt::bind_param(): Number of variables doesn't match number of parameters in prepared statement in /var/www/vhosts/jugendbuero.be/subdomains/app/httpdocs/aplan/admin/watchlist.php on line 78
[02-Jan-2012 16:17:09] PHP Warning:  mysqli_stmt::bind_param(): Number of variables doesn't match number of parameters in prepared statement in /var/www/vhosts/jugendbuero.be/subdomains/app/httpdocs/aplan/admin/watchlist.php on line 78
[02-Jan-2012 16:17:09] PHP Warning:  mysqli_stmt::bind_param(): Number of variables doesn't match number of parameters in prepared statement in /var/www/vhosts/jugendbuero.be/subdomains/app/httpdocs/aplan/admin/watchlist.php on line 78
[02-Jan-2012 16:17:09] PHP Warning:  mysqli_stmt::bind_param(): Number of variables doesn't match number of parameters in prepared statement in /var/www/vhosts/jugendbuero.be/subdomains/app/httpdocs/aplan/admin/watchlist.php on line 78
[02-Jan-2012 16:17:09] PHP Warning:  mysqli_stmt::bind_param(): Number of variables doesn't match number of parameters in prepared statement in /var/www/vhosts/jugendbuero.be/subdomains/app/httpdocs/aplan/admin/watchlist.php on line 78
[02-Jan-2012 16:17:09] PHP Warning:  mysqli_stmt::bind_param(): Number of variables doesn't match number of parameters in prepared statement in /var/www/vhosts/jugendbuero.be/subdomains/app/httpdocs/aplan/admin/watchlist.php on line 78
[02-Jan-2012 16:17:09] PHP Warning:  mysqli_stmt::bind_param(): Number of variables doesn't match number of parameters in prepared statement in /var/www/vhosts/jugendbuero.be/subdomains/app/httpdocs/aplan/admin/watchlist.php on line 78
[02-Jan-2012 16:17:09] PHP Warning:  mysqli_stmt::bind_param(): Number of variables doesn't match number of parameters in prepared statement in /var/www/vhosts/jugendbuero.be/subdomains/app/httpdocs/aplan/admin/watchlist.php on line 78
[02-Jan-2012 16:17:09] PHP Warning:  mysqli_stmt::bind_param(): Number of variables doesn't match number of parameters in prepared statement in /var/www/vhosts/jugendbuero.be/subdomains/app/httpdocs/aplan/admin/watchlist.php on line 78
[02-Jan-2012 16:17:09] PHP Warning:  mysqli_stmt::bind_param(): Number of variables doesn't match number of parameters in prepared statement in /var/www/vhosts/jugendbuero.be/subdomains/app/httpdocs/aplan/admin/watchlist.php on line 78
[02-Jan-2012 16:17:09] PHP Warning:  mysqli_stmt::bind_param(): Number of variables doesn't match number of parameters in prepared statement in /var/www/vhosts/jugendbuero.be/subdomains/app/httpdocs/aplan/admin/watchlist.php on line 78
[02-Jan-2012 16:17:09] PHP Warning:  mysqli_stmt::bind_param(): Number of variables doesn't match number of parameters in prepared statement in /var/www/vhosts/jugendbuero.be/subdomains/app/httpdocs/aplan/admin/watchlist.php on line 78
[02-Jan-2012 16:17:09] PHP Warning:  mysqli_stmt::bind_param(): Number of variables doesn't match number of parameters in prepared statement in /var/www/vhosts/jugendbuero.be/subdomains/app/httpdocs/aplan/admin/watchlist.php on line 78
[02-Jan-2012 16:17:09] PHP Warning:  mysqli_stmt::bind_param(): Number of variables doesn't match number of parameters in prepared statement in /var/www/vhosts/jugendbuero.be/subdomains/app/httpdocs/aplan/admin/watchlist.php on line 78
[02-Jan-2012 16:17:09] PHP Warning:  mysqli_stmt::bind_param(): Number of variables doesn't match number of parameters in prepared statement in /var/www/vhosts/jugendbuero.be/subdomains/app/httpdocs/aplan/admin/watchlist.php on line 78
[02-Jan-2012 16:17:09] PHP Warning:  mysqli_stmt::bind_param(): Number of variables doesn't match number of parameters in prepared statement in /var/www/vhosts/jugendbuero.be/subdomains/app/httpdocs/aplan/admin/watchlist.php on line 78
[02-Jan-2012 16:17:09] PHP Warning:  mysqli_stmt::bind_param(): Number of variables doesn't match number of parameters in prepared statement in /var/www/vhosts/jugendbuero.be/subdomains/app/httpdocs/aplan/admin/watchlist.php on line 78
[02-Jan-2012 16:17:09] PHP Warning:  mysqli_stmt::bind_param(): Number of variables doesn't match number of parameters in prepared statement in /var/www/vhosts/jugendbuero.be/subdomains/app/httpdocs/aplan/admin/watchlist.php on line 78
[02-Jan-2012 16:17:09] PHP Warning:  mysqli_stmt::bind_param(): Number of variables doesn't match number of parameters in prepared statement in /var/www/vhosts/jugendbuero.be/subdomains/app/httpdocs/aplan/admin/watchlist.php on line 78
[02-Jan-2012 16:17:09] PHP Warning:  mysqli_stmt::bind_param(): Number of variables doesn't match number of parameters in prepared statement in /var/www/vhosts/jugendbuero.be/subdomains/app/httpdocs/aplan/admin/watchlist.php on line 78
[02-Jan-2012 16:17:09] PHP Warning:  mysqli_stmt::bind_param(): Number of variables doesn't match number of parameters in prepared statement in /var/www/vhosts/jugendbuero.be/subdomains/app/httpdocs/aplan/admin/watchlist.php on line 78
[02-Jan-2012 16:17:09] PHP Warning:  mysqli_stmt::bind_param(): Number of variables doesn't match number of parameters in prepared statement in /var/www/vhosts/jugendbuero.be/subdomains/app/httpdocs/aplan/admin/watchlist.php on line 78
[02-Jan-2012 16:17:09] PHP Warning:  mysqli_stmt::bind_param(): Number of variables doesn't match number of parameters in prepared statement in /var/www/vhosts/jugendbuero.be/subdomains/app/httpdocs/aplan/admin/watchlist.php on line 78
[02-Jan-2012 16:17:09] PHP Warning:  mysqli_stmt::bind_param(): Number of variables doesn't match number of parameters in prepared statement in /var/www/vhosts/jugendbuero.be/subdomains/app/httpdocs/aplan/admin/watchlist.php on line 78
[02-Jan-2012 16:17:09] PHP Warning:  mysqli_stmt::bind_param(): Number of variables doesn't match number of parameters in prepared statement in /var/www/vhosts/jugendbuero.be/subdomains/app/httpdocs/aplan/admin/watchlist.php on line 78
[02-Jan-2012 16:17:09] PHP Warning:  mysqli_stmt::bind_param(): Number of variables doesn't match number of parameters in prepared statement in /var/www/vhosts/jugendbuero.be/subdomains/app/httpdocs/aplan/admin/watchlist.php on line 78
[02-Jan-2012 16:17:09] PHP Warning:  mysqli_stmt::bind_param(): Number of variables doesn't match number of parameters in prepared statement in /var/www/vhosts/jugendbuero.be/subdomains/app/httpdocs/aplan/admin/watchlist.php on line 78
[02-Jan-2012 16:17:09] PHP Warning:  mysqli_stmt::bind_param(): Number of variables doesn't match number of parameters in prepared statement in /var/www/vhosts/jugendbuero.be/subdomains/app/httpdocs/aplan/admin/watchlist.php on line 78
[02-Jan-2012 16:17:09] PHP Warning:  mysqli_stmt::bind_param(): Number of variables doesn't match number of parameters in prepared statement in /var/www/vhosts/jugendbuero.be/subdomains/app/httpdocs/aplan/admin/watchlist.php on line 78
[02-Jan-2012 16:17:09] PHP Warning:  mysqli_stmt::bind_param(): Number of variables doesn't match number of parameters in prepared statement in /var/www/vhosts/jugendbuero.be/subdomains/app/httpdocs/aplan/admin/watchlist.php on line 78
[02-Jan-2012 16:17:09] PHP Warning:  mysqli_stmt::bind_param(): Number of variables doesn't match number of parameters in prepared statement in /var/www/vhosts/jugendbuero.be/subdomains/app/httpdocs/aplan/admin/watchlist.php on line 78
[02-Jan-2012 16:17:09] PHP Warning:  mysqli_stmt::bind_param(): Number of variables doesn't match number of parameters in prepared statement in /var/www/vhosts/jugendbuero.be/subdomains/app/httpdocs/aplan/admin/watchlist.php on line 78
[02-Jan-2012 16:17:09] PHP Warning:  mysqli_stmt::bind_param(): Number of variables doesn't match number of parameters in prepared statement in /var/www/vhosts/jugendbuero.be/subdomains/app/httpdocs/aplan/admin/watchlist.php on line 78
[02-Jan-2012 16:17:09] PHP Warning:  mysqli_stmt::bind_param(): Number of variables doesn't match number of parameters in prepared statement in /var/www/vhosts/jugendbuero.be/subdomains/app/httpdocs/aplan/admin/watchlist.php on line 78
[02-Jan-2012 16:17:09] PHP Warning:  mysqli_stmt::bind_param(): Number of variables doesn't match number of parameters in prepared statement in /var/www/vhosts/jugendbuero.be/subdomains/app/httpdocs/aplan/admin/watchlist.php on line 78
[02-Jan-2012 16:17:09] PHP Warning:  mysqli_stmt::bind_param(): Number of variables doesn't match number of parameters in prepared statement in /var/www/vhosts/jugendbuero.be/subdomains/app/httpdocs/aplan/admin/watchlist.php on line 78
[02-Jan-2012 16:17:09] PHP Warning:  mysqli_stmt::bind_param(): Number of variables doesn't match number of parameters in prepared statement in /var/www/vhosts/jugendbuero.be/subdomains/app/httpdocs/aplan/admin/watchlist.php on line 78
[02-Jan-2012 16:17:09] PHP Warning:  mysqli_stmt::bind_param(): Number of variables doesn't match number of parameters in prepared statement in /var/www/vhosts/jugendbuero.be/subdomains/app/httpdocs/aplan/admin/watchlist.php on line 78
[02-Jan-2012 16:17:09] PHP Warning:  mysqli_stmt::bind_param(): Number of variables doesn't match number of parameters in prepared statement in /var/www/vhosts/jugendbuero.be/subdomains/app/httpdocs/aplan/admin/watchlist.php on line 78
[02-Jan-2012 16:17:09] PHP Warning:  mysqli_stmt::bind_param(): Number of variables doesn't match number of parameters in prepared statement in /var/www/vhosts/jugendbuero.be/subdomains/app/httpdocs/aplan/admin/watchlist.php on line 78
[02-Jan-2012 16:17:09] PHP Warning:  mysqli_stmt::bind_param(): Number of variables doesn't match number of parameters in prepared statement in /var/www/vhosts/jugendbuero.be/subdomains/app/httpdocs/aplan/admin/watchlist.php on line 78
[02-Jan-2012 16:17:09] PHP Warning:  mysqli_stmt::bind_param(): Number of variables doesn't match number of parameters in prepared statement in /var/www/vhosts/jugendbuero.be/subdomains/app/httpdocs/aplan/admin/watchlist.php on line 78
[02-Jan-2012 16:17:09] PHP Warning:  mysqli_stmt::bind_param(): Number of variables doesn't match number of parameters in prepared statement in /var/www/vhosts/jugendbuero.be/subdomains/app/httpdocs/aplan/admin/watchlist.php on line 78
[02-Jan-2012 16:17:09] PHP Warning:  mysqli_stmt::bind_param(): Number of variables doesn't match number of parameters in prepared statement in /var/www/vhosts/jugendbuero.be/subdomains/app/httpdocs/aplan/admin/watchlist.php on line 78
[02-Jan-2012 16:17:09] PHP Warning:  mysqli_stmt::bind_param(): Number of variables doesn't match number of parameters in prepared statement in /var/www/vhosts/jugendbuero.be/subdomains/app/httpdocs/aplan/admin/watchlist.php on line 78
[02-Jan-2012 16:17:09] PHP Warning:  mysqli_stmt::bind_param(): Number of variables doesn't match number of parameters in prepared statement in /var/www/vhosts/jugendbuero.be/subdomains/app/httpdocs/aplan/admin/watchlist.php on line 78
[02-Jan-2012 16:17:09] PHP Warning:  mysqli_stmt::bind_param(): Number of variables doesn't match number of parameters in prepared statement in /var/www/vhosts/jugendbuero.be/subdomains/app/httpdocs/aplan/admin/watchlist.php on line 78
[02-Jan-2012 16:17:09] PHP Warning:  mysqli_stmt::bind_param(): Number of variables doesn't match number of parameters in prepared statement in /var/www/vhosts/jugendbuero.be/subdomains/app/httpdocs/aplan/admin/watchlist.php on line 78
[02-Jan-2012 16:17:09] PHP Warning:  mysqli_stmt::bind_param(): Number of variables doesn't match number of parameters in prepared statement in /var/www/vhosts/jugendbuero.be/subdomains/app/httpdocs/aplan/admin/watchlist.php on line 78
[02-Jan-2012 16:17:09] PHP Warning:  mysqli_stmt::bind_param(): Number of variables doesn't match number of parameters in prepared statement in /var/www/vhosts/jugendbuero.be/subdomains/app/httpdocs/aplan/admin/watchlist.php on line 78
[02-Jan-2012 16:17:09] PHP Warning:  mysqli_stmt::bind_param(): Number of variables doesn't match number of parameters in prepared statement in /var/www/vhosts/jugendbuero.be/subdomains/app/httpdocs/aplan/admin/watchlist.php on line 78
[02-Jan-2012 16:17:09] PHP Warning:  mysqli_stmt::bind_param(): Number of variables doesn't match number of parameters in prepared statement in /var/www/vhosts/jugendbuero.be/subdomains/app/httpdocs/aplan/admin/watchlist.php on line 78
[02-Jan-2012 16:17:09] PHP Warning:  mysqli_stmt::bind_param(): Number of variables doesn't match number of parameters in prepared statement in /var/www/vhosts/jugendbuero.be/subdomains/app/httpdocs/aplan/admin/watchlist.php on line 78
[02-Jan-2012 16:17:09] PHP Warning:  mysqli_stmt::bind_param(): Number of variables doesn't match number of parameters in prepared statement in /var/www/vhosts/jugendbuero.be/subdomains/app/httpdocs/aplan/admin/watchlist.php on line 78
[02-Jan-2012 16:17:09] PHP Warning:  mysqli_stmt::bind_param(): Number of variables doesn't match number of parameters in prepared statement in /var/www/vhosts/jugendbuero.be/subdomains/app/httpdocs/aplan/admin/watchlist.php on line 78
[02-Jan-2012 16:17:09] PHP Warning:  mysqli_stmt::bind_param(): Number of variables doesn't match number of parameters in prepared statement in /var/www/vhosts/jugendbuero.be/subdomains/app/httpdocs/aplan/admin/watchlist.php on line 78
[02-Jan-2012 16:17:09] PHP Warning:  mysqli_stmt::bind_param(): Number of variables doesn't match number of parameters in prepared statement in /var/www/vhosts/jugendbuero.be/subdomains/app/httpdocs/aplan/admin/watchlist.php on line 78
[02-Jan-2012 16:17:09] PHP Warning:  mysqli_stmt::bind_param(): Number of variables doesn't match number of parameters in prepared statement in /var/www/vhosts/jugendbuero.be/subdomains/app/httpdocs/aplan/admin/watchlist.php on line 78
[02-Jan-2012 16:17:09] PHP Warning:  mysqli_stmt::bind_param(): Number of variables doesn't match number of parameters in prepared statement in /var/www/vhosts/jugendbuero.be/subdomains/app/httpdocs/aplan/admin/watchlist.php on line 78
[02-Jan-2012 16:17:09] PHP Warning:  mysqli_stmt::bind_param(): Number of variables doesn't match number of parameters in prepared statement in /var/www/vhosts/jugendbuero.be/subdomains/app/httpdocs/aplan/admin/watchlist.php on line 78
[02-Jan-2012 16:17:09] PHP Warning:  mysqli_stmt::bind_param(): Number of variables doesn't match number of parameters in prepared statement in /var/www/vhosts/jugendbuero.be/subdomains/app/httpdocs/aplan/admin/watchlist.php on line 78
[02-Jan-2012 16:17:09] PHP Warning:  mysqli_stmt::bind_param(): Number of variables doesn't match number of parameters in prepared statement in /var/www/vhosts/jugendbuero.be/subdomains/app/httpdocs/aplan/admin/watchlist.php on line 78
[02-Jan-2012 16:17:09] PHP Warning:  mysqli_stmt::bind_param(): Number of variables doesn't match number of parameters in prepared statement in /var/www/vhosts/jugendbuero.be/subdomains/app/httpdocs/aplan/admin/watchlist.php on line 78
[02-Jan-2012 16:17:09] PHP Warning:  mysqli_stmt::bind_param(): Number of variables doesn't match number of parameters in prepared statement in /var/www/vhosts/jugendbuero.be/subdomains/app/httpdocs/aplan/admin/watchlist.php on line 78
[02-Jan-2012 16:17:09] PHP Warning:  mysqli_stmt::bind_param(): Number of variables doesn't match number of parameters in prepared statement in /var/www/vhosts/jugendbuero.be/subdomains/app/httpdocs/aplan/admin/watchlist.php on line 78
[02-Jan-2012 16:17:09] PHP Warning:  mysqli_stmt::bind_param(): Number of variables doesn't match number of parameters in prepared statement in /var/www/vhosts/jugendbuero.be/subdomains/app/httpdocs/aplan/admin/watchlist.php on line 78
[02-Jan-2012 16:17:09] PHP Warning:  mysqli_stmt::bind_param(): Number of variables doesn't match number of parameters in prepared statement in /var/www/vhosts/jugendbuero.be/subdomains/app/httpdocs/aplan/admin/watchlist.php on line 78
[02-Jan-2012 16:17:09] PHP Warning:  mysqli_stmt::bind_param(): Number of variables doesn't match number of parameters in prepared statement in /var/www/vhosts/jugendbuero.be/subdomains/app/httpdocs/aplan/admin/watchlist.php on line 78
[02-Jan-2012 16:17:09] PHP Warning:  mysqli_stmt::bind_param(): Number of variables doesn't match number of parameters in prepared statement in /var/www/vhosts/jugendbuero.be/subdomains/app/httpdocs/aplan/admin/watchlist.php on line 78
[02-Jan-2012 16:17:09] PHP Warning:  mysqli_stmt::bind_param(): Number of variables doesn't match number of parameters in prepared statement in /var/www/vhosts/jugendbuero.be/subdomains/app/httpdocs/aplan/admin/watchlist.php on line 78
[02-Jan-2012 16:17:09] PHP Warning:  mysqli_stmt::bind_param(): Number of variables doesn't match number of parameters in prepared statement in /var/www/vhosts/jugendbuero.be/subdomains/app/httpdocs/aplan/admin/watchlist.php on line 78
[02-Jan-2012 16:17:09] PHP Warning:  mysqli_stmt::bind_param(): Number of variables doesn't match number of parameters in prepared statement in /var/www/vhosts/jugendbuero.be/subdomains/app/httpdocs/aplan/admin/watchlist.php on line 78
[02-Jan-2012 16:17:09] PHP Warning:  mysqli_stmt::bind_param(): Number of variables doesn't match number of parameters in prepared statement in /var/www/vhosts/jugendbuero.be/subdomains/app/httpdocs/aplan/admin/watchlist.php on line 78
[02-Jan-2012 16:17:09] PHP Warning:  mysqli_stmt::bind_param(): Number of variables doesn't match number of parameters in prepared statement in /var/www/vhosts/jugendbuero.be/subdomains/app/httpdocs/aplan/admin/watchlist.php on line 78
[02-Jan-2012 16:17:09] PHP Warning:  mysqli_stmt::bind_param(): Number of variables doesn't match number of parameters in prepared statement in /var/www/vhosts/jugendbuero.be/subdomains/app/httpdocs/aplan/admin/watchlist.php on line 78
[02-Jan-2012 16:17:09] PHP Warning:  mysqli_stmt::bind_param(): Number of variables doesn't match number of parameters in prepared statement in /var/www/vhosts/jugendbuero.be/subdomains/app/httpdocs/aplan/admin/watchlist.php on line 78
[02-Jan-2012 16:17:09] PHP Warning:  mysqli_stmt::bind_param(): Number of variables doesn't match number of parameters in prepared statement in /var/www/vhosts/jugendbuero.be/subdomains/app/httpdocs/aplan/admin/watchlist.php on line 78
[02-Jan-2012 16:17:09] PHP Warning:  mysqli_stmt::bind_param(): Number of variables doesn't match number of parameters in prepared statement in /var/www/vhosts/jugendbuero.be/subdomains/app/httpdocs/aplan/admin/watchlist.php on line 78
[02-Jan-2012 16:17:09] PHP Warning:  mysqli_stmt::bind_param(): Number of variables doesn't match number of parameters in prepared statement in /var/www/vhosts/jugendbuero.be/subdomains/app/httpdocs/aplan/admin/watchlist.php on line 78
[02-Jan-2012 16:17:09] PHP Warning:  mysqli_stmt::bind_param(): Number of variables doesn't match number of parameters in prepared statement in /var/www/vhosts/jugendbuero.be/subdomains/app/httpdocs/aplan/admin/watchlist.php on line 78
[02-Jan-2012 16:17:09] PHP Warning:  mysqli_stmt::bind_param(): Number of variables doesn't match number of parameters in prepared statement in /var/www/vhosts/jugendbuero.be/subdomains/app/httpdocs/aplan/admin/watchlist.php on line 78
[02-Jan-2012 16:17:09] PHP Warning:  mysqli_stmt::bind_param(): Number of variables doesn't match number of parameters in prepared statement in /var/www/vhosts/jugendbuero.be/subdomains/app/httpdocs/aplan/admin/watchlist.php on line 78
[02-Jan-2012 16:17:09] PHP Warning:  mysqli_stmt::bind_param(): Number of variables doesn't match number of parameters in prepared statement in /var/www/vhosts/jugendbuero.be/subdomains/app/httpdocs/aplan/admin/watchlist.php on line 78
[02-Jan-2012 16:17:09] PHP Warning:  mysqli_stmt::bind_param(): Number of variables doesn't match number of parameters in prepared statement in /var/www/vhosts/jugendbuero.be/subdomains/app/httpdocs/aplan/admin/watchlist.php on line 78
[02-Jan-2012 16:17:09] PHP Warning:  mysqli_stmt::bind_param(): Number of variables doesn't match number of parameters in prepared statement in /var/www/vhosts/jugendbuero.be/subdomains/app/httpdocs/aplan/admin/watchlist.php on line 78
[02-Jan-2012 16:17:09] PHP Warning:  mysqli_stmt::bind_param(): Number of variables doesn't match number of parameters in prepared statement in /var/www/vhosts/jugendbuero.be/subdomains/app/httpdocs/aplan/admin/watchlist.php on line 78
[02-Jan-2012 16:17:09] PHP Warning:  mysqli_stmt::bind_param(): Number of variables doesn't match number of parameters in prepared statement in /var/www/vhosts/jugendbuero.be/subdomains/app/httpdocs/aplan/admin/watchlist.php on line 78
[02-Jan-2012 16:17:09] PHP Warning:  mysqli_stmt::bind_param(): Number of variables doesn't match number of parameters in prepared statement in /var/www/vhosts/jugendbuero.be/subdomains/app/httpdocs/aplan/admin/watchlist.php on line 78
[02-Jan-2012 16:17:09] PHP Warning:  mysqli_stmt::bind_param(): Number of variables doesn't match number of parameters in prepared statement in /var/www/vhosts/jugendbuero.be/subdomains/app/httpdocs/aplan/admin/watchlist.php on line 78
[02-Jan-2012 16:17:09] PHP Warning:  mysqli_stmt::bind_param(): Number of variables doesn't match number of parameters in prepared statement in /var/www/vhosts/jugendbuero.be/subdomains/app/httpdocs/aplan/admin/watchlist.php on line 78
[02-Jan-2012 16:17:09] PHP Warning:  mysqli_stmt::bind_param(): Number of variables doesn't match number of parameters in prepared statement in /var/www/vhosts/jugendbuero.be/subdomains/app/httpdocs/aplan/admin/watchlist.php on line 78
[02-Jan-2012 16:17:09] PHP Warning:  mysqli_stmt::bind_param(): Number of variables doesn't match number of parameters in prepared statement in /var/www/vhosts/jugendbuero.be/subdomains/app/httpdocs/aplan/admin/watchlist.php on line 78
[02-Jan-2012 16:17:09] PHP Warning:  mysqli_stmt::bind_param(): Number of variables doesn't match number of parameters in prepared statement in /var/www/vhosts/jugendbuero.be/subdomains/app/httpdocs/aplan/admin/watchlist.php on line 78
[02-Jan-2012 16:17:09] PHP Warning:  mysqli_stmt::bind_param(): Number of variables doesn't match number of parameters in prepared statement in /var/www/vhosts/jugendbuero.be/subdomains/app/httpdocs/aplan/admin/watchlist.php on line 78
[02-Jan-2012 16:17:09] PHP Warning:  mysqli_stmt::bind_param(): Number of variables doesn't match number of parameters in prepared statement in /var/www/vhosts/jugendbuero.be/subdomains/app/httpdocs/aplan/admin/watchlist.php on line 78
[02-Jan-2012 16:17:09] PHP Warning:  mysqli_stmt::bind_param(): Number of variables doesn't match number of parameters in prepared statement in /var/www/vhosts/jugendbuero.be/subdomains/app/httpdocs/aplan/admin/watchlist.php on line 78
[02-Jan-2012 16:17:09] PHP Warning:  mysqli_stmt::bind_param(): Number of variables doesn't match number of parameters in prepared statement in /var/www/vhosts/jugendbuero.be/subdomains/app/httpdocs/aplan/admin/watchlist.php on line 78
[02-Jan-2012 16:17:09] PHP Warning:  mysqli_stmt::bind_param(): Number of variables doesn't match number of parameters in prepared statement in /var/www/vhosts/jugendbuero.be/subdomains/app/httpdocs/aplan/admin/watchlist.php on line 78
[02-Jan-2012 16:17:09] PHP Warning:  mysqli_stmt::bind_param(): Number of variables doesn't match number of parameters in prepared statement in /var/www/vhosts/jugendbuero.be/subdomains/app/httpdocs/aplan/admin/watchlist.php on line 78
[02-Jan-2012 16:17:09] PHP Warning:  mysqli_stmt::bind_param(): Number of variables doesn't match number of parameters in prepared statement in /var/www/vhosts/jugendbuero.be/subdomains/app/httpdocs/aplan/admin/watchlist.php on line 78
[02-Jan-2012 16:17:09] PHP Warning:  mysqli_stmt::bind_param(): Number of variables doesn't match number of parameters in prepared statement in /var/www/vhosts/jugendbuero.be/subdomains/app/httpdocs/aplan/admin/watchlist.php on line 78
[02-Jan-2012 16:17:09] PHP Warning:  mysqli_stmt::bind_param(): Number of variables doesn't match number of parameters in prepared statement in /var/www/vhosts/jugendbuero.be/subdomains/app/httpdocs/aplan/admin/watchlist.php on line 78
[02-Jan-2012 16:17:09] PHP Warning:  mysqli_stmt::bind_param(): Number of variables doesn't match number of parameters in prepared statement in /var/www/vhosts/jugendbuero.be/subdomains/app/httpdocs/aplan/admin/watchlist.php on line 78
[02-Jan-2012 16:17:09] PHP Warning:  mysqli_stmt::bind_param(): Number of variables doesn't match number of parameters in prepared statement in /var/www/vhosts/jugendbuero.be/subdomains/app/httpdocs/aplan/admin/watchlist.php on line 78
[02-Jan-2012 16:17:09] PHP Warning:  mysqli_stmt::bind_param(): Number of variables doesn't match number of parameters in prepared statement in /var/www/vhosts/jugendbuero.be/subdomains/app/httpdocs/aplan/admin/watchlist.php on line 78
[02-Jan-2012 16:17:09] PHP Warning:  mysqli_stmt::bind_param(): Number of variables doesn't match number of parameters in prepared statement in /var/www/vhosts/jugendbuero.be/subdomains/app/httpdocs/aplan/admin/watchlist.php on line 78
[02-Jan-2012 16:17:09] PHP Warning:  mysqli_stmt::bind_param(): Number of variables doesn't match number of parameters in prepared statement in /var/www/vhosts/jugendbuero.be/subdomains/app/httpdocs/aplan/admin/watchlist.php on line 78
[02-Jan-2012 16:17:09] PHP Warning:  mysqli_stmt::bind_param(): Number of variables doesn't match number of parameters in prepared statement in /var/www/vhosts/jugendbuero.be/subdomains/app/httpdocs/aplan/admin/watchlist.php on line 78
[02-Jan-2012 16:17:09] PHP Warning:  mysqli_stmt::bind_param(): Number of variables doesn't match number of parameters in prepared statement in /var/www/vhosts/jugendbuero.be/subdomains/app/httpdocs/aplan/admin/watchlist.php on line 78
[02-Jan-2012 16:17:09] PHP Warning:  mysqli_stmt::bind_param(): Number of variables doesn't match number of parameters in prepared statement in /var/www/vhosts/jugendbuero.be/subdomains/app/httpdocs/aplan/admin/watchlist.php on line 78
[02-Jan-2012 16:17:09] PHP Warning:  mysqli_stmt::bind_param(): Number of variables doesn't match number of parameters in prepared statement in /var/www/vhosts/jugendbuero.be/subdomains/app/httpdocs/aplan/admin/watchlist.php on line 78
[02-Jan-2012 16:17:09] PHP Warning:  mysqli_stmt::bind_param(): Number of variables doesn't match number of parameters in prepared statement in /var/www/vhosts/jugendbuero.be/subdomains/app/httpdocs/aplan/admin/watchlist.php on line 78
[02-Jan-2012 16:17:09] PHP Warning:  mysqli_stmt::bind_param(): Number of variables doesn't match number of parameters in prepared statement in /var/www/vhosts/jugendbuero.be/subdomains/app/httpdocs/aplan/admin/watchlist.php on line 78
[02-Jan-2012 16:17:09] PHP Warning:  mysqli_stmt::bind_param(): Number of variables doesn't match number of parameters in prepared statement in /var/www/vhosts/jugendbuero.be/subdomains/app/httpdocs/aplan/admin/watchlist.php on line 78
[02-Jan-2012 16:17:09] PHP Warning:  mysqli_stmt::bind_param(): Number of variables doesn't match number of parameters in prepared statement in /var/www/vhosts/jugendbuero.be/subdomains/app/httpdocs/aplan/admin/watchlist.php on line 78
[02-Jan-2012 16:17:09] PHP Warning:  mysqli_stmt::bind_param(): Number of variables doesn't match number of parameters in prepared statement in /var/www/vhosts/jugendbuero.be/subdomains/app/httpdocs/aplan/admin/watchlist.php on line 78
[02-Jan-2012 16:17:09] PHP Warning:  mysqli_stmt::bind_param(): Number of variables doesn't match number of parameters in prepared statement in /var/www/vhosts/jugendbuero.be/subdomains/app/httpdocs/aplan/admin/watchlist.php on line 78
[02-Jan-2012 16:17:09] PHP Warning:  mysqli_stmt::bind_param(): Number of variables doesn't match number of parameters in prepared statement in /var/www/vhosts/jugendbuero.be/subdomains/app/httpdocs/aplan/admin/watchlist.php on line 78
[02-Jan-2012 16:17:09] PHP Warning:  mysqli_stmt::bind_param(): Number of variables doesn't match number of parameters in prepared statement in /var/www/vhosts/jugendbuero.be/subdomains/app/httpdocs/aplan/admin/watchlist.php on line 78
[02-Jan-2012 16:17:09] PHP Warning:  mysqli_stmt::bind_param(): Number of variables doesn't match number of parameters in prepared statement in /var/www/vhosts/jugendbuero.be/subdomains/app/httpdocs/aplan/admin/watchlist.php on line 78
[02-Jan-2012 16:17:09] PHP Warning:  mysqli_stmt::bind_param(): Number of variables doesn't match number of parameters in prepared statement in /var/www/vhosts/jugendbuero.be/subdomains/app/httpdocs/aplan/admin/watchlist.php on line 78
[02-Jan-2012 16:17:09] PHP Warning:  mysqli_stmt::bind_param(): Number of variables doesn't match number of parameters in prepared statement in /var/www/vhosts/jugendbuero.be/subdomains/app/httpdocs/aplan/admin/watchlist.php on line 78
[02-Jan-2012 16:17:09] PHP Warning:  mysqli_stmt::bind_param(): Number of variables doesn't match number of parameters in prepared statement in /var/www/vhosts/jugendbuero.be/subdomains/app/httpdocs/aplan/admin/watchlist.php on line 78
[02-Jan-2012 16:17:09] PHP Warning:  mysqli_stmt::bind_param(): Number of variables doesn't match number of parameters in prepared statement in /var/www/vhosts/jugendbuero.be/subdomains/app/httpdocs/aplan/admin/watchlist.php on line 78
[02-Jan-2012 16:17:09] PHP Warning:  mysqli_stmt::bind_param(): Number of variables doesn't match number of parameters in prepared statement in /var/www/vhosts/jugendbuero.be/subdomains/app/httpdocs/aplan/admin/watchlist.php on line 78
[02-Jan-2012 16:17:09] PHP Warning:  mysqli_stmt::bind_param(): Number of variables doesn't match number of parameters in prepared statement in /var/www/vhosts/jugendbuero.be/subdomains/app/httpdocs/aplan/admin/watchlist.php on line 78
[02-Jan-2012 16:17:09] PHP Warning:  mysqli_stmt::bind_param(): Number of variables doesn't match number of parameters in prepared statement in /var/www/vhosts/jugendbuero.be/subdomains/app/httpdocs/aplan/admin/watchlist.php on line 78
[02-Jan-2012 16:17:09] PHP Warning:  mysqli_stmt::bind_param(): Number of variables doesn't match number of parameters in prepared statement in /var/www/vhosts/jugendbuero.be/subdomains/app/httpdocs/aplan/admin/watchlist.php on line 78
[02-Jan-2012 16:17:09] PHP Warning:  mysqli_stmt::bind_param(): Number of variables doesn't match number of parameters in prepared statement in /var/www/vhosts/jugendbuero.be/subdomains/app/httpdocs/aplan/admin/watchlist.php on line 78
[02-Jan-2012 16:17:09] PHP Warning:  mysqli_stmt::bind_param(): Number of variables doesn't match number of parameters in prepared statement in /var/www/vhosts/jugendbuero.be/subdomains/app/httpdocs/aplan/admin/watchlist.php on line 78
[02-Jan-2012 16:17:09] PHP Warning:  mysqli_stmt::bind_param(): Number of variables doesn't match number of parameters in prepared statement in /var/www/vhosts/jugendbuero.be/subdomains/app/httpdocs/aplan/admin/watchlist.php on line 78
[02-Jan-2012 16:17:09] PHP Warning:  mysqli_stmt::bind_param(): Number of variables doesn't match number of parameters in prepared statement in /var/www/vhosts/jugendbuero.be/subdomains/app/httpdocs/aplan/admin/watchlist.php on line 78
[02-Jan-2012 16:17:09] PHP Warning:  mysqli_stmt::bind_param(): Number of variables doesn't match number of parameters in prepared statement in /var/www/vhosts/jugendbuero.be/subdomains/app/httpdocs/aplan/admin/watchlist.php on line 78
[02-Jan-2012 16:17:09] PHP Warning:  mysqli_stmt::bind_param(): Number of variables doesn't match number of parameters in prepared statement in /var/www/vhosts/jugendbuero.be/subdomains/app/httpdocs/aplan/admin/watchlist.php on line 78
[02-Jan-2012 16:17:09] PHP Warning:  mysqli_stmt::bind_param(): Number of variables doesn't match number of parameters in prepared statement in /var/www/vhosts/jugendbuero.be/subdomains/app/httpdocs/aplan/admin/watchlist.php on line 78
[02-Jan-2012 16:17:09] PHP Warning:  mysqli_stmt::bind_param(): Number of variables doesn't match number of parameters in prepared statement in /var/www/vhosts/jugendbuero.be/subdomains/app/httpdocs/aplan/admin/watchlist.php on line 78
[02-Jan-2012 16:17:09] PHP Warning:  mysqli_stmt::bind_param(): Number of variables doesn't match number of parameters in prepared statement in /var/www/vhosts/jugendbuero.be/subdomains/app/httpdocs/aplan/admin/watchlist.php on line 78
[02-Jan-2012 16:17:09] PHP Warning:  mysqli_stmt::bind_param(): Number of variables doesn't match number of parameters in prepared statement in /var/www/vhosts/jugendbuero.be/subdomains/app/httpdocs/aplan/admin/watchlist.php on line 78
[02-Jan-2012 16:17:09] PHP Warning:  mysqli_stmt::bind_param(): Number of variables doesn't match number of parameters in prepared statement in /var/www/vhosts/jugendbuero.be/subdomains/app/httpdocs/aplan/admin/watchlist.php on line 78
[02-Jan-2012 16:17:09] PHP Warning:  mysqli_stmt::bind_param(): Number of variables doesn't match number of parameters in prepared statement in /var/www/vhosts/jugendbuero.be/subdomains/app/httpdocs/aplan/admin/watchlist.php on line 78
[02-Jan-2012 16:17:09] PHP Warning:  mysqli_stmt::bind_param(): Number of variables doesn't match number of parameters in prepared statement in /var/www/vhosts/jugendbuero.be/subdomains/app/httpdocs/aplan/admin/watchlist.php on line 78
[02-Jan-2012 16:17:09] PHP Warning:  mysqli_stmt::bind_param(): Number of variables doesn't match number of parameters in prepared statement in /var/www/vhosts/jugendbuero.be/subdomains/app/httpdocs/aplan/admin/watchlist.php on line 78
[02-Jan-2012 16:17:09] PHP Warning:  mysqli_stmt::bind_param(): Number of variables doesn't match number of parameters in prepared statement in /var/www/vhosts/jugendbuero.be/subdomains/app/httpdocs/aplan/admin/watchlist.php on line 78
[02-Jan-2012 16:17:09] PHP Warning:  mysqli_stmt::bind_param(): Number of variables doesn't match number of parameters in prepared statement in /var/www/vhosts/jugendbuero.be/subdomains/app/httpdocs/aplan/admin/watchlist.php on line 78
[02-Jan-2012 16:17:09] PHP Warning:  mysqli_stmt::bind_param(): Number of variables doesn't match number of parameters in prepared statement in /var/www/vhosts/jugendbuero.be/subdomains/app/httpdocs/aplan/admin/watchlist.php on line 78
[02-Jan-2012 16:17:09] PHP Warning:  mysqli_stmt::bind_param(): Number of variables doesn't match number of parameters in prepared statement in /var/www/vhosts/jugendbuero.be/subdomains/app/httpdocs/aplan/admin/watchlist.php on line 78
[02-Jan-2012 16:17:09] PHP Warning:  mysqli_stmt::bind_param(): Number of variables doesn't match number of parameters in prepared statement in /var/www/vhosts/jugendbuero.be/subdomains/app/httpdocs/aplan/admin/watchlist.php on line 78
[02-Jan-2012 16:17:09] PHP Warning:  mysqli_stmt::bind_param(): Number of variables doesn't match number of parameters in prepared statement in /var/www/vhosts/jugendbuero.be/subdomains/app/httpdocs/aplan/admin/watchlist.php on line 78
[02-Jan-2012 16:17:09] PHP Warning:  mysqli_stmt::bind_param(): Number of variables doesn't match number of parameters in prepared statement in /var/www/vhosts/jugendbuero.be/subdomains/app/httpdocs/aplan/admin/watchlist.php on line 78
[02-Jan-2012 16:17:09] PHP Warning:  mysqli_stmt::bind_param(): Number of variables doesn't match number of parameters in prepared statement in /var/www/vhosts/jugendbuero.be/subdomains/app/httpdocs/aplan/admin/watchlist.php on line 78
[02-Jan-2012 16:17:09] PHP Warning:  mysqli_stmt::bind_param(): Number of variables doesn't match number of parameters in prepared statement in /var/www/vhosts/jugendbuero.be/subdomains/app/httpdocs/aplan/admin/watchlist.php on line 78
[02-Jan-2012 16:17:09] PHP Warning:  mysqli_stmt::bind_param(): Number of variables doesn't match number of parameters in prepared statement in /var/www/vhosts/jugendbuero.be/subdomains/app/httpdocs/aplan/admin/watchlist.php on line 78
[02-Jan-2012 16:17:09] PHP Warning:  mysqli_stmt::bind_param(): Number of variables doesn't match number of parameters in prepared statement in /var/www/vhosts/jugendbuero.be/subdomains/app/httpdocs/aplan/admin/watchlist.php on line 78
[02-Jan-2012 16:17:09] PHP Warning:  mysqli_stmt::bind_param(): Number of variables doesn't match number of parameters in prepared statement in /var/www/vhosts/jugendbuero.be/subdomains/app/httpdocs/aplan/admin/watchlist.php on line 78
[02-Jan-2012 16:17:09] PHP Warning:  mysqli_stmt::bind_param(): Number of variables doesn't match number of parameters in prepared statement in /var/www/vhosts/jugendbuero.be/subdomains/app/httpdocs/aplan/admin/watchlist.php on line 78
[02-Jan-2012 16:17:09] PHP Warning:  mysqli_stmt::bind_param(): Number of variables doesn't match number of parameters in prepared statement in /var/www/vhosts/jugendbuero.be/subdomains/app/httpdocs/aplan/admin/watchlist.php on line 78
[02-Jan-2012 16:17:09] PHP Warning:  mysqli_stmt::bind_param(): Number of variables doesn't match number of parameters in prepared statement in /var/www/vhosts/jugendbuero.be/subdomains/app/httpdocs/aplan/admin/watchlist.php on line 78
[02-Jan-2012 16:17:09] PHP Warning:  mysqli_stmt::bind_param(): Number of variables doesn't match number of parameters in prepared statement in /var/www/vhosts/jugendbuero.be/subdomains/app/httpdocs/aplan/admin/watchlist.php on line 78
[02-Jan-2012 16:17:09] PHP Warning:  mysqli_stmt::bind_param(): Number of variables doesn't match number of parameters in prepared statement in /var/www/vhosts/jugendbuero.be/subdomains/app/httpdocs/aplan/admin/watchlist.php on line 78
[02-Jan-2012 16:17:09] PHP Warning:  mysqli_stmt::bind_param(): Number of variables doesn't match number of parameters in prepared statement in /var/www/vhosts/jugendbuero.be/subdomains/app/httpdocs/aplan/admin/watchlist.php on line 78
[02-Jan-2012 16:17:09] PHP Warning:  mysqli_stmt::bind_param(): Number of variables doesn't match number of parameters in prepared statement in /var/www/vhosts/jugendbuero.be/subdomains/app/httpdocs/aplan/admin/watchlist.php on line 78
[02-Jan-2012 16:17:09] PHP Warning:  mysqli_stmt::bind_param(): Number of variables doesn't match number of parameters in prepared statement in /var/www/vhosts/jugendbuero.be/subdomains/app/httpdocs/aplan/admin/watchlist.php on line 78
[02-Jan-2012 16:17:09] PHP Warning:  mysqli_stmt::bind_param(): Number of variables doesn't match number of parameters in prepared statement in /var/www/vhosts/jugendbuero.be/subdomains/app/httpdocs/aplan/admin/watchlist.php on line 78
[02-Jan-2012 16:17:09] PHP Warning:  mysqli_stmt::bind_param(): Number of variables doesn't match number of parameters in prepared statement in /var/www/vhosts/jugendbuero.be/subdomains/app/httpdocs/aplan/admin/watchlist.php on line 78
[02-Jan-2012 16:17:09] PHP Warning:  mysqli_stmt::bind_param(): Number of variables doesn't match number of parameters in prepared statement in /var/www/vhosts/jugendbuero.be/subdomains/app/httpdocs/aplan/admin/watchlist.php on line 78
[02-Jan-2012 16:17:09] PHP Warning:  mysqli_stmt::bind_param(): Number of variables doesn't match number of parameters in prepared statement in /var/www/vhosts/jugendbuero.be/subdomains/app/httpdocs/aplan/admin/watchlist.php on line 78
[02-Jan-2012 16:17:09] PHP Warning:  mysqli_stmt::bind_param(): Number of variables doesn't match number of parameters in prepared statement in /var/www/vhosts/jugendbuero.be/subdomains/app/httpdocs/aplan/admin/watchlist.php on line 78
[02-Jan-2012 16:17:09] PHP Warning:  mysqli_stmt::bind_param(): Number of variables doesn't match number of parameters in prepared statement in /var/www/vhosts/jugendbuero.be/subdomains/app/httpdocs/aplan/admin/watchlist.php on line 78
[02-Jan-2012 16:17:09] PHP Warning:  mysqli_stmt::bind_param(): Number of variables doesn't match number of parameters in prepared statement in /var/www/vhosts/jugendbuero.be/subdomains/app/httpdocs/aplan/admin/watchlist.php on line 78
[02-Jan-2012 16:17:09] PHP Warning:  mysqli_stmt::bind_param(): Number of variables doesn't match number of parameters in prepared statement in /var/www/vhosts/jugendbuero.be/subdomains/app/httpdocs/aplan/admin/watchlist.php on line 78
[02-Jan-2012 16:17:09] PHP Warning:  mysqli_stmt::bind_param(): Number of variables doesn't match number of parameters in prepared statement in /var/www/vhosts/jugendbuero.be/subdomains/app/httpdocs/aplan/admin/watchlist.php on line 78
[02-Jan-2012 16:17:09] PHP Warning:  mysqli_stmt::bind_param(): Number of variables doesn't match number of parameters in prepared statement in /var/www/vhosts/jugendbuero.be/subdomains/app/httpdocs/aplan/admin/watchlist.php on line 78
[02-Jan-2012 16:17:09] PHP Warning:  mysqli_stmt::bind_param(): Number of variables doesn't match number of parameters in prepared statement in /var/www/vhosts/jugendbuero.be/subdomains/app/httpdocs/aplan/admin/watchlist.php on line 78
[02-Jan-2012 16:17:09] PHP Warning:  mysqli_stmt::bind_param(): Number of variables doesn't match number of parameters in prepared statement in /var/www/vhosts/jugendbuero.be/subdomains/app/httpdocs/aplan/admin/watchlist.php on line 78
[02-Jan-2012 16:17:09] PHP Warning:  mysqli_stmt::bind_param(): Number of variables doesn't match number of parameters in prepared statement in /var/www/vhosts/jugendbuero.be/subdomains/app/httpdocs/aplan/admin/watchlist.php on line 78
[02-Jan-2012 16:17:09] PHP Warning:  mysqli_stmt::bind_param(): Number of variables doesn't match number of parameters in prepared statement in /var/www/vhosts/jugendbuero.be/subdomains/app/httpdocs/aplan/admin/watchlist.php on line 78
[02-Jan-2012 16:17:09] PHP Warning:  mysqli_stmt::bind_param(): Number of variables doesn't match number of parameters in prepared statement in /var/www/vhosts/jugendbuero.be/subdomains/app/httpdocs/aplan/admin/watchlist.php on line 78
[02-Jan-2012 16:17:09] PHP Warning:  mysqli_stmt::bind_param(): Number of variables doesn't match number of parameters in prepared statement in /var/www/vhosts/jugendbuero.be/subdomains/app/httpdocs/aplan/admin/watchlist.php on line 78
[02-Jan-2012 16:17:09] PHP Warning:  mysqli_stmt::bind_param(): Number of variables doesn't match number of parameters in prepared statement in /var/www/vhosts/jugendbuero.be/subdomains/app/httpdocs/aplan/admin/watchlist.php on line 78
[02-Jan-2012 16:17:09] PHP Warning:  mysqli_stmt::bind_param(): Number of variables doesn't match number of parameters in prepared statement in /var/www/vhosts/jugendbuero.be/subdomains/app/httpdocs/aplan/admin/watchlist.php on line 78
[02-Jan-2012 16:17:09] PHP Warning:  mysqli_stmt::bind_param(): Number of variables doesn't match number of parameters in prepared statement in /var/www/vhosts/jugendbuero.be/subdomains/app/httpdocs/aplan/admin/watchlist.php on line 78
[02-Jan-2012 16:17:09] PHP Warning:  mysqli_stmt::bind_param(): Number of variables doesn't match number of parameters in prepared statement in /var/www/vhosts/jugendbuero.be/subdomains/app/httpdocs/aplan/admin/watchlist.php on line 78
[02-Jan-2012 16:20:31] PHP Fatal error:  Call to a member function bind_param() on a non-object in /var/www/vhosts/jugendbuero.be/subdomains/app/httpdocs/aplan/admin/watchlist.php on line 78
[02-Jan-2012 16:20:59] PHP Fatal error:  Call to a member function bind_param() on a non-object in /var/www/vhosts/jugendbuero.be/subdomains/app/httpdocs/aplan/admin/watchlist.php on line 78
[26-Sep-2014 06:33:00 UTC] PHP Fatal error:  Class 'CConfig' not found in /var/www/vhosts/jugendbuero.be/subdomains/app/httpdocs/aplan2/helper.class.php on line 38
[26-Sep-2014 06:33:05 UTC] PHP Fatal error:  Class 'CConfig' not found in /var/www/vhosts/jugendbuero.be/subdomains/app/httpdocs/aplan2/helper.class.php on line 38
[26-Sep-2014 06:48:33 UTC] PHP Deprecated:  mysql_connect(): The mysql extension is deprecated and will be removed in the future: use mysqli or PDO instead in /var/www/vhosts/jugendbuero.be/subdomains/app/httpdocs/aplan2/helper.class.php on line 1500
[26-Sep-2014 06:48:49 UTC] PHP Deprecated:  mysql_connect(): The mysql extension is deprecated and will be removed in the future: use mysqli or PDO instead in /var/www/vhosts/jugendbuero.be/subdomains/app/httpdocs/aplan2/helper.class.php on line 1500
[26-Sep-2014 06:49:07 UTC] PHP Deprecated:  mysql_connect(): The mysql extension is deprecated and will be removed in the future: use mysqli or PDO instead in /var/www/vhosts/jugendbuero.be/subdomains/app/httpdocs/aplan2/helper.class.php on line 1500
[26-Sep-2014 06:49:07 UTC] PHP Notice:  Undefined index: dname in /var/www/vhosts/jugendbuero.be/subdomains/app/httpdocs/aplan2/admin/report_year_user_pdf.php on line 82
[26-Sep-2014 06:49:28 UTC] PHP Deprecated:  mysql_connect(): The mysql extension is deprecated and will be removed in the future: use mysqli or PDO instead in /var/www/vhosts/jugendbuero.be/subdomains/app/httpdocs/aplan2/helper.class.php on line 1500
[26-Sep-2014 06:49:28 UTC] PHP Notice:  Undefined index: dname in /var/www/vhosts/jugendbuero.be/subdomains/app/httpdocs/aplan2/admin/report_year_user_pdf.php on line 82
[26-Sep-2014 06:49:31 UTC] PHP Deprecated:  mysql_connect(): The mysql extension is deprecated and will be removed in the future: use mysqli or PDO instead in /var/www/vhosts/jugendbuero.be/subdomains/app/httpdocs/aplan2/helper.class.php on line 1500
[26-Sep-2014 06:49:31 UTC] PHP Notice:  Undefined index: dname in /var/www/vhosts/jugendbuero.be/subdomains/app/httpdocs/aplan2/admin/report_year_user_pdf.php on line 82
[26-Sep-2014 06:50:32 UTC] PHP Deprecated:  mysql_connect(): The mysql extension is deprecated and will be removed in the future: use mysqli or PDO instead in /var/www/vhosts/jugendbuero.be/subdomains/app/httpdocs/aplan2/helper.class.php on line 1500
[26-Sep-2014 06:50:32 UTC] PHP Notice:  Undefined index: dname in /var/www/vhosts/jugendbuero.be/subdomains/app/httpdocs/aplan2/admin/report_year_user_pdf.php on line 73
[26-Sep-2014 06:50:35 UTC] PHP Deprecated:  mysql_connect(): The mysql extension is deprecated and will be removed in the future: use mysqli or PDO instead in /var/www/vhosts/jugendbuero.be/subdomains/app/httpdocs/aplan2/helper.class.php on line 1500
[26-Sep-2014 06:50:35 UTC] PHP Notice:  Undefined index: dname in /var/www/vhosts/jugendbuero.be/subdomains/app/httpdocs/aplan2/admin/report_year_user_pdf.php on line 73
[26-Sep-2014 06:50:44 UTC] PHP Deprecated:  mysql_connect(): The mysql extension is deprecated and will be removed in the future: use mysqli or PDO instead in /var/www/vhosts/jugendbuero.be/subdomains/app/httpdocs/aplan2/helper.class.php on line 1500
[26-Sep-2014 06:50:44 UTC] PHP Notice:  Undefined index: dname in /var/www/vhosts/jugendbuero.be/subdomains/app/httpdocs/aplan2/admin/report_year_user_pdf.php on line 73
